2024-10-15 11:58:37,396 INFO  TestLayer.Hooks.Hooks - Running Before Scenario for...Deselecting a checkbox
2024-10-15 11:58:51,524 INFO  TestLayer.Hooks.Hooks - Running After Step...
2024-10-15 11:58:51,524 INFO  TestLayer.Hooks.Hooks - Given I am on the checkbox test page
2024-10-15 11:58:51,604 INFO  TestLayer.Hooks.Hooks - Running After Step...
2024-10-15 11:58:51,604 INFO  TestLayer.Hooks.Hooks - When I deselect the checkbox with "Home"
2024-10-15 11:58:51,604 INFO  Login.StepDefinitions.CheckboxStepDefinitions - Checking The state of Home
2024-10-15 11:58:51,604 INFO  Login.StepDefinitions.CheckboxStepDefinitions - State of Element is True
2024-10-15 11:58:51,604 INFO  TestLayer.Hooks.Hooks - Running After Step...
2024-10-15 11:58:51,604 INFO  TestLayer.Hooks.Hooks - Then the checkbox with "Home" should not be selected
2024-10-15 11:58:51,616 INFO  TestLayer.Hooks.Hooks - Running After Scenario ...
2024-10-15 11:58:51,926 INFO  TestLayer.Hooks.Hooks - Running Before Scenario for...Selecting a checkbox
2024-10-15 11:59:21,249 INFO  TestLayer.Hooks.Hooks - Running After Step...
2024-10-15 11:59:21,249 INFO  TestLayer.Hooks.Hooks - Given I am on the checkbox test page
2024-10-15 11:59:22,147 INFO  TestLayer.Hooks.Hooks - Running After Step...
2024-10-15 11:59:22,147 INFO  TestLayer.Hooks.Hooks - When I select the checkbox  "Home"
2024-10-15 11:59:22,147 INFO  Login.StepDefinitions.CheckboxStepDefinitions - Checking The state of Home
2024-10-15 11:59:22,147 INFO  Login.StepDefinitions.CheckboxStepDefinitions - State of Element is True
2024-10-15 11:59:22,147 INFO  TestLayer.Hooks.Hooks - Running After Step...
2024-10-15 11:59:22,147 INFO  TestLayer.Hooks.Hooks - Then the checkbox with "Home" should be selected
2024-10-15 11:59:22,147 INFO  TestLayer.Hooks.Hooks - Running After Scenario ...
2024-10-15 11:59:22,436 INFO  TestLayer.Hooks.Hooks - Running Before Scenario for...Verify checkbox is not selected
2024-10-15 11:59:33,918 INFO  TestLayer.Hooks.Hooks - Running After Step...
2024-10-15 11:59:33,918 INFO  TestLayer.Hooks.Hooks - Given I am on the checkbox test page
2024-10-15 11:59:33,918 INFO  Login.StepDefinitions.CheckboxStepDefinitions - State of Element is False
2024-10-15 11:59:33,918 INFO  TestLayer.Hooks.Hooks - Running After Step...
2024-10-15 11:59:33,918 INFO  TestLayer.Hooks.Hooks - When I check the state of the checkbox
2024-10-15 11:59:33,918 INFO  Login.StepDefinitions.CheckboxStepDefinitions - Checking The state of Home
2024-10-15 11:59:33,918 INFO  Login.StepDefinitions.CheckboxStepDefinitions - State of Element is True
2024-10-15 11:59:33,918 INFO  TestLayer.Hooks.Hooks - Running After Step...
2024-10-15 11:59:33,918 INFO  TestLayer.Hooks.Hooks - Then the checkbox with "Home" should not be selected
2024-10-15 11:59:33,918 INFO  TestLayer.Hooks.Hooks - Running After Scenario ...
2024-10-15 11:59:34,208 INFO  TestLayer.Hooks.Hooks - Running Before Scenario for...Verify checkbox is selected
2024-10-15 11:59:37,664 INFO  TestLayer.Hooks.Hooks - Running After Step...
2024-10-15 11:59:37,664 INFO  TestLayer.Hooks.Hooks - Given I am on the checkbox test page
2024-10-15 12:00:08,139 INFO  TestLayer.Hooks.Hooks - Running After Step...
2024-10-15 12:00:08,139 INFO  TestLayer.Hooks.Hooks - When I select the checkbox  "Home"
2024-10-15 12:00:08,140 ERROR TestLayer.Hooks.Hooks - Error 
OpenQA.Selenium.WebDriverTimeoutException: Timed out after 30 seconds ---> OpenQA.Selenium.NoSuchElementException: no such element: Unable to locate element: {"method":"xpath","selector":"//span[text()='Home']"}
  (Session info: chrome=129.0.6668.90); For documentation on this error, please visit: https://www.selenium.dev/documentation/webdriver/troubleshooting/errors#no-such-element-exception
   at OpenQA.Selenium.WebDriver.UnpackAndThrowOnError(Response errorResponse, String commandToExecute)
   at OpenQA.Selenium.WebDriver.<ExecuteAsync>d__63.MoveNext()
--- End of stack trace from previous location where exception was thrown ---
   at System.Runtime.ExceptionServices.ExceptionDispatchInfo.Throw()
   at System.Runtime.CompilerServices.TaskAwaiter.HandleNonSuccessAndDebuggerNotification(Task task)
   at OpenQA.Selenium.WebDriver.Execute(String driverCommandToExecute, Dictionary`2 parameters)
   at OpenQA.Selenium.WebDriver.FindElement(String mechanism, String value)
   at FrameWorkLayer.Elements.ElementClass.<>c__DisplayClass2_0.<GetElement>b__0(IWebDriver driver) in C:\Users\kuncham_manikanta\Documents\Training\Testing\SpecFlow\Login\Specflow\FrameWorkLayer\Elements\ElementClass.cs:line 24
   at OpenQA.Selenium.Support.UI.DefaultWait`1.Until[TResult](Func`2 condition, CancellationToken token)
   --- End of inner exception stack trace ---
   at OpenQA.Selenium.Support.UI.DefaultWait`1.ThrowTimeoutException(String exceptionMessage, Exception lastException)
   at OpenQA.Selenium.Support.UI.DefaultWait`1.Until[TResult](Func`2 condition, CancellationToken token)
   at OpenQA.Selenium.Support.UI.DefaultWait`1.Until[TResult](Func`2 condition)
   at FrameWorkLayer.Elements.ElementClass.GetElement(By Locator) in C:\Users\kuncham_manikanta\Documents\Training\Testing\SpecFlow\Login\Specflow\FrameWorkLayer\Elements\ElementClass.cs:line 24
   at PageObject.DemoQA.ElementPage.Check(By Locator) in C:\Users\kuncham_manikanta\Documents\Training\Testing\SpecFlow\Login\Specflow\PageObject\DemoQA\ElementPage.Action.cs:line 21
   at Login.StepDefinitions.CheckboxStepDefinitions.WhenISelectTheCheckbox(String home) in C:\Users\kuncham_manikanta\Documents\Training\Testing\SpecFlow\Login\Specflow\Login\StepDefinitions\CheckboxStepDefinitions.cs:line 40
   at TechTalk.SpecFlow.Bindings.BindingInvoker.InvokeBinding(IBinding binding, IContextManager contextManager, Object[] arguments, ITestTracer testTracer, TimeSpan& duration)
   at TechTalk.SpecFlow.Infrastructure.TestExecutionEngine.ExecuteStepMatch(BindingMatch match, Object[] arguments, TimeSpan& duration)
   at TechTalk.SpecFlow.Infrastructure.TestExecutionEngine.ExecuteStep(IContextManager contextManager, StepInstance stepInstance)
2024-10-15 12:00:08,455 INFO  TestLayer.Hooks.Hooks - Running After Scenario ...
2024-10-15 12:00:08,850 INFO  TestLayer.Hooks.Hooks - Running Before Scenario for...Selecting a radio button option
2024-10-15 12:00:11,937 INFO  Login.StepDefinitions.CheckboxStepDefinitions - Laun the Rdaio button Page for :- Gender
2024-10-15 12:00:12,213 INFO  TestLayer.Hooks.Hooks - Running After Step...
2024-10-15 12:00:12,213 INFO  TestLayer.Hooks.Hooks - Given I am on the "Gender" page
2024-10-15 12:00:13,289 INFO  TestLayer.Hooks.Hooks - Running After Step...
2024-10-15 12:00:13,289 INFO  TestLayer.Hooks.Hooks - When I select the "male" radio button
2024-10-15 12:00:13,289 INFO  Login.StepDefinitions.CheckboxStepDefinitions - Checking The state of male
2024-10-15 12:00:13,289 INFO  Login.StepDefinitions.CheckboxStepDefinitions - State of Element is True
2024-10-15 12:00:13,289 INFO  TestLayer.Hooks.Hooks - Running After Step...
2024-10-15 12:00:13,289 INFO  TestLayer.Hooks.Hooks - Then the "male" radio button should be selected
2024-10-15 12:00:13,289 INFO  TestLayer.Hooks.Hooks - Running After Scenario ...
2024-10-15 12:00:13,600 INFO  TestLayer.Hooks.Hooks - Running Before Scenario for...Selecting a radio button option
2024-10-15 12:00:16,481 INFO  Login.StepDefinitions.CheckboxStepDefinitions - Laun the Rdaio button Page for :- Gender
2024-10-15 12:00:17,206 INFO  TestLayer.Hooks.Hooks - Running After Step...
2024-10-15 12:00:17,206 INFO  TestLayer.Hooks.Hooks - Given I am on the "Gender" page
2024-10-15 12:00:17,872 INFO  TestLayer.Hooks.Hooks - Running After Step...
2024-10-15 12:00:17,872 INFO  TestLayer.Hooks.Hooks - When I select the "female" radio button
2024-10-15 12:00:17,872 INFO  Login.StepDefinitions.CheckboxStepDefinitions - Checking The state of female
2024-10-15 12:00:17,872 INFO  Login.StepDefinitions.CheckboxStepDefinitions - State of Element is True
2024-10-15 12:00:17,873 INFO  TestLayer.Hooks.Hooks - Running After Step...
2024-10-15 12:00:17,873 INFO  TestLayer.Hooks.Hooks - Then the "female" radio button should be selected
2024-10-15 12:00:17,873 INFO  TestLayer.Hooks.Hooks - Running After Scenario ...
2024-10-15 12:00:18,154 INFO  TestLayer.Hooks.Hooks - Running Before Scenario for...verify data source login
2024-10-15 12:00:21,741 INFO  TestLayer.Hooks.Hooks - Running After Step...
2024-10-15 12:00:21,741 INFO  TestLayer.Hooks.Hooks - Given I am in login page
2024-10-15 12:00:22,456 INFO  TestLayer.Hooks.Hooks - Running After Step...
2024-10-15 12:00:22,456 INFO  TestLayer.Hooks.Hooks - When I enter username and password from data source csv as "standard_user" and "secret_sauce"
2024-10-15 12:00:22,678 INFO  TestLayer.Hooks.Hooks - Running After Step...
2024-10-15 12:00:22,678 INFO  TestLayer.Hooks.Hooks - When I Clicked login button
2024-10-15 12:00:22,775 INFO  TestLayer.Hooks.Hooks - Running After Step...
2024-10-15 12:00:22,775 INFO  TestLayer.Hooks.Hooks - Then logged in successfully
2024-10-15 12:00:22,775 INFO  TestLayer.Hooks.Hooks - Running After Scenario ...
2024-10-15 12:00:23,052 INFO  TestLayer.Hooks.Hooks - Running Before Scenario for...verify data source login
2024-10-15 12:00:26,643 INFO  TestLayer.Hooks.Hooks - Running After Step...
2024-10-15 12:00:26,643 INFO  TestLayer.Hooks.Hooks - Given I am in login page
2024-10-15 12:00:27,237 INFO  TestLayer.Hooks.Hooks - Running After Step...
2024-10-15 12:00:27,237 INFO  TestLayer.Hooks.Hooks - When I enter username and password from data source csv as "problem_user" and "secret_sauce"
2024-10-15 12:00:27,436 INFO  TestLayer.Hooks.Hooks - Running After Step...
2024-10-15 12:00:27,436 INFO  TestLayer.Hooks.Hooks - When I Clicked login button
2024-10-15 12:00:27,484 INFO  TestLayer.Hooks.Hooks - Running After Step...
2024-10-15 12:00:27,484 INFO  TestLayer.Hooks.Hooks - Then logged in successfully
2024-10-15 12:00:27,484 INFO  TestLayer.Hooks.Hooks - Running After Scenario ...
2024-10-15 12:00:27,789 INFO  TestLayer.Hooks.Hooks - Running Before Scenario for...verify data source login
2024-10-15 12:00:30,668 INFO  TestLayer.Hooks.Hooks - Running After Step...
2024-10-15 12:00:30,668 INFO  TestLayer.Hooks.Hooks - Given I am in login page
2024-10-15 12:00:31,894 INFO  TestLayer.Hooks.Hooks - Running After Step...
2024-10-15 12:00:31,895 INFO  TestLayer.Hooks.Hooks - When I enter username and password from data source csv as "visual_user" and "secret_sauce"
2024-10-15 12:00:32,086 INFO  TestLayer.Hooks.Hooks - Running After Step...
2024-10-15 12:00:32,086 INFO  TestLayer.Hooks.Hooks - When I Clicked login button
2024-10-15 12:00:32,137 INFO  TestLayer.Hooks.Hooks - Running After Step...
2024-10-15 12:00:32,137 INFO  TestLayer.Hooks.Hooks - Then logged in successfully
2024-10-15 12:00:32,138 INFO  TestLayer.Hooks.Hooks - Running After Scenario ...
2024-10-15 12:00:32,415 INFO  TestLayer.Hooks.Hooks - Running Before Scenario for...verify Login Successfully
2024-10-15 12:00:36,188 INFO  TestLayer.Hooks.Hooks - Running After Step...
2024-10-15 12:00:36,188 INFO  TestLayer.Hooks.Hooks - Given I am in login page
2024-10-15 12:00:36,531 INFO  TestLayer.Hooks.Hooks - Running After Step...
2024-10-15 12:00:36,531 INFO  TestLayer.Hooks.Hooks - When I entered username
2024-10-15 12:00:36,784 INFO  TestLayer.Hooks.Hooks - Running After Step...
2024-10-15 12:00:36,785 INFO  TestLayer.Hooks.Hooks - When I entered password
2024-10-15 12:00:36,971 INFO  TestLayer.Hooks.Hooks - Running After Step...
2024-10-15 12:00:36,971 INFO  TestLayer.Hooks.Hooks - When I Clicked login button
2024-10-15 12:00:37,026 INFO  TestLayer.Hooks.Hooks - Running After Step...
2024-10-15 12:00:37,026 INFO  TestLayer.Hooks.Hooks - Then logged in successfully
2024-10-15 12:00:37,026 INFO  TestLayer.Hooks.Hooks - Running After Scenario ...
2024-10-15 12:00:37,301 INFO  TestLayer.Hooks.Hooks - Running Before Scenario for...verify wrong Login with paramter
2024-10-15 12:00:41,081 INFO  TestLayer.Hooks.Hooks - Running After Step...
2024-10-15 12:00:41,081 INFO  TestLayer.Hooks.Hooks - Given I am in login page
2024-10-15 12:00:41,450 INFO  TestLayer.Hooks.Hooks - Running After Step...
2024-10-15 12:00:41,450 INFO  TestLayer.Hooks.Hooks - When I entered username as "another_user"
2024-10-15 12:00:41,728 INFO  TestLayer.Hooks.Hooks - Running After Step...
2024-10-15 12:00:41,728 INFO  TestLayer.Hooks.Hooks - When I entered password as "another_pass"
2024-10-15 12:00:41,865 INFO  TestLayer.Hooks.Hooks - Running After Step...
2024-10-15 12:00:41,865 INFO  TestLayer.Hooks.Hooks - When I Clicked login button
2024-10-15 12:00:41,894 INFO  TestLayer.Hooks.Hooks - Running After Step...
2024-10-15 12:00:41,894 INFO  TestLayer.Hooks.Hooks - Then logged  unsuccessfully
2024-10-15 12:00:41,894 INFO  TestLayer.Hooks.Hooks - Running After Scenario ...
2024-10-15 12:00:42,234 INFO  TestLayer.Hooks.Hooks - Running Before Scenario for...Verify dropdown in product page
2024-10-15 12:00:46,879 INFO  TestLayer.Hooks.Hooks - Running After Step...
2024-10-15 12:00:46,879 INFO  TestLayer.Hooks.Hooks - Given I need to Logged in and see the Product page
2024-10-15 12:00:47,019 INFO  TestLayer.Hooks.Hooks - Running After Step...
2024-10-15 12:00:47,019 INFO  TestLayer.Hooks.Hooks - When I select the option "Name (A to Z)" from the dropdown
2024-10-15 12:00:47,088 INFO  TestLayer.Hooks.Hooks - Running After Step...
2024-10-15 12:00:47,088 INFO  TestLayer.Hooks.Hooks - Then The option "Name (A to Z)" should be selected
2024-10-15 12:00:47,089 INFO  TestLayer.Hooks.Hooks - Running After Scenario ...
2024-10-15 12:02:56,316 INFO  TestLayer.Hooks.Hooks - Running Before Scenario for...Verify checkbox is selected
2024-10-15 12:03:08,909 INFO  TestLayer.Hooks.Hooks - Running After Step...
2024-10-15 12:03:08,909 INFO  TestLayer.Hooks.Hooks - Given I am on the checkbox test page
2024-10-15 12:03:09,581 INFO  TestLayer.Hooks.Hooks - Running After Step...
2024-10-15 12:03:09,581 INFO  TestLayer.Hooks.Hooks - When I select the checkbox  "Home"
2024-10-15 12:03:09,581 INFO  Login.StepDefinitions.CheckboxStepDefinitions - State of Element is True
2024-10-15 12:03:09,581 INFO  TestLayer.Hooks.Hooks - Running After Step...
2024-10-15 12:03:09,581 INFO  TestLayer.Hooks.Hooks - When I check the state of the checkbox
2024-10-15 12:03:09,590 INFO  Login.StepDefinitions.CheckboxStepDefinitions - Checking The state of Home
2024-10-15 12:03:09,590 INFO  Login.StepDefinitions.CheckboxStepDefinitions - State of Element is True
2024-10-15 12:03:09,590 INFO  TestLayer.Hooks.Hooks - Running After Step...
2024-10-15 12:03:09,590 INFO  TestLayer.Hooks.Hooks - Then the checkbox with "Home" should be selected
2024-10-15 12:03:09,593 INFO  TestLayer.Hooks.Hooks - Running After Scenario ...
2024-10-16 12:16:04,496 INFO  TestLayer.Hooks.Hooks - Running Before Scenario for...Deselecting a checkbox
2024-10-16 12:16:24,982 INFO  Login.StepDefinitions.CheckboxStepDefinitions - Running After Step...
2024-10-16 12:16:24,983 INFO  Login.StepDefinitions.CheckboxStepDefinitions - Given I am on the checkbox test page
2024-10-16 12:16:25,038 INFO  Login.StepDefinitions.CheckboxStepDefinitions - Running After Step...
2024-10-16 12:16:25,038 INFO  Login.StepDefinitions.CheckboxStepDefinitions - When I deselect the checkbox with "Home"
2024-10-16 12:16:25,040 INFO  Login.StepDefinitions.CheckboxStepDefinitions - Checking The state of Home
2024-10-16 12:16:25,041 INFO  Login.StepDefinitions.CheckboxStepDefinitions - State of Element is True
2024-10-16 12:16:25,041 INFO  Login.StepDefinitions.CheckboxStepDefinitions - Running After Step...
2024-10-16 12:16:25,041 INFO  Login.StepDefinitions.CheckboxStepDefinitions - Then the checkbox with "Home" should not be selected
2024-10-16 12:16:25,044 INFO  Login.StepDefinitions.CheckboxStepDefinitions - Running After Scenario ...
2024-10-16 12:16:25,268 INFO  TestLayer.Hooks.Hooks - Running Before Scenario for...Selecting a checkbox
2024-10-16 12:16:37,402 INFO  Login.StepDefinitions.CheckboxStepDefinitions - Running After Step...
2024-10-16 12:16:37,402 INFO  Login.StepDefinitions.CheckboxStepDefinitions - Given I am on the checkbox test page
2024-10-16 12:16:37,878 INFO  Login.StepDefinitions.CheckboxStepDefinitions - Running After Step...
2024-10-16 12:16:37,878 INFO  Login.StepDefinitions.CheckboxStepDefinitions - When I select the checkbox  "Home"
2024-10-16 12:16:37,880 INFO  Login.StepDefinitions.CheckboxStepDefinitions - Checking The state of Home
2024-10-16 12:16:37,880 INFO  Login.StepDefinitions.CheckboxStepDefinitions - State of Element is True
2024-10-16 12:16:37,880 INFO  Login.StepDefinitions.CheckboxStepDefinitions - Running After Step...
2024-10-16 12:16:37,880 INFO  Login.StepDefinitions.CheckboxStepDefinitions - Then the checkbox with "Home" should be selected
2024-10-16 12:16:37,880 INFO  Login.StepDefinitions.CheckboxStepDefinitions - Running After Scenario ...
2024-10-16 12:16:38,153 INFO  TestLayer.Hooks.Hooks - Running Before Scenario for...Verify checkbox is not selected
2024-10-16 12:16:51,496 INFO  Login.StepDefinitions.CheckboxStepDefinitions - Running After Step...
2024-10-16 12:16:51,496 INFO  Login.StepDefinitions.CheckboxStepDefinitions - Given I am on the checkbox test page
2024-10-16 12:16:51,496 INFO  Login.StepDefinitions.CheckboxStepDefinitions - State of Element is False
2024-10-16 12:16:51,498 INFO  Login.StepDefinitions.CheckboxStepDefinitions - Running After Step...
2024-10-16 12:16:51,498 INFO  Login.StepDefinitions.CheckboxStepDefinitions - When I check the state of the checkbox
2024-10-16 12:16:51,498 INFO  Login.StepDefinitions.CheckboxStepDefinitions - Checking The state of Home
2024-10-16 12:16:51,498 INFO  Login.StepDefinitions.CheckboxStepDefinitions - State of Element is True
2024-10-16 12:16:51,498 INFO  Login.StepDefinitions.CheckboxStepDefinitions - Running After Step...
2024-10-16 12:16:51,498 INFO  Login.StepDefinitions.CheckboxStepDefinitions - Then the checkbox with "Home" should not be selected
2024-10-16 12:16:51,498 INFO  Login.StepDefinitions.CheckboxStepDefinitions - Running After Scenario ...
2024-10-16 12:16:51,766 INFO  TestLayer.Hooks.Hooks - Running Before Scenario for...Verify checkbox is selected
2024-10-16 12:17:06,320 INFO  Login.StepDefinitions.CheckboxStepDefinitions - Running After Step...
2024-10-16 12:17:06,320 INFO  Login.StepDefinitions.CheckboxStepDefinitions - Given I am on the checkbox test page
2024-10-16 12:17:06,907 INFO  Login.StepDefinitions.CheckboxStepDefinitions - Running After Step...
2024-10-16 12:17:06,907 INFO  Login.StepDefinitions.CheckboxStepDefinitions - When I select the checkbox  "Home"
2024-10-16 12:17:06,908 INFO  Login.StepDefinitions.CheckboxStepDefinitions - State of Element is True
2024-10-16 12:17:06,908 INFO  Login.StepDefinitions.CheckboxStepDefinitions - Running After Step...
2024-10-16 12:17:06,908 INFO  Login.StepDefinitions.CheckboxStepDefinitions - When I check the state of the checkbox
2024-10-16 12:17:06,908 INFO  Login.StepDefinitions.CheckboxStepDefinitions - Checking The state of Home
2024-10-16 12:17:06,908 INFO  Login.StepDefinitions.CheckboxStepDefinitions - State of Element is True
2024-10-16 12:17:06,908 INFO  Login.StepDefinitions.CheckboxStepDefinitions - Running After Step...
2024-10-16 12:17:06,908 INFO  Login.StepDefinitions.CheckboxStepDefinitions - Then the checkbox with "Home" should be selected
2024-10-16 12:17:06,908 INFO  Login.StepDefinitions.CheckboxStepDefinitions - Running After Scenario ...
2024-10-16 12:17:07,151 INFO  TestLayer.Hooks.Hooks - Running Before Scenario for...Selecting a radio button option
2024-10-16 12:17:10,207 INFO  Login.StepDefinitions.CheckboxStepDefinitions - Laun the Rdaio button Page for :- Gender
2024-10-16 12:17:14,818 INFO  Login.StepDefinitions.CheckboxStepDefinitions - Running After Step...
2024-10-16 12:17:14,818 INFO  Login.StepDefinitions.CheckboxStepDefinitions - Given I am on the "Gender" page
2024-10-16 12:17:15,432 INFO  Login.StepDefinitions.CheckboxStepDefinitions - Running After Step...
2024-10-16 12:17:15,432 INFO  Login.StepDefinitions.CheckboxStepDefinitions - When I select the "male" radio button
2024-10-16 12:17:15,434 INFO  Login.StepDefinitions.CheckboxStepDefinitions - Checking The state of male
2024-10-16 12:17:15,434 INFO  Login.StepDefinitions.CheckboxStepDefinitions - State of Element is True
2024-10-16 12:17:15,434 INFO  Login.StepDefinitions.CheckboxStepDefinitions - Running After Step...
2024-10-16 12:17:15,434 INFO  Login.StepDefinitions.CheckboxStepDefinitions - Then the "male" radio button should be selected
2024-10-16 12:17:15,434 INFO  Login.StepDefinitions.CheckboxStepDefinitions - Running After Scenario ...
2024-10-16 12:17:15,955 INFO  TestLayer.Hooks.Hooks - Running Before Scenario for...Selecting a radio button option
2024-10-16 12:17:19,700 INFO  Login.StepDefinitions.CheckboxStepDefinitions - Laun the Rdaio button Page for :- Gender
2024-10-16 12:17:24,768 INFO  Login.StepDefinitions.CheckboxStepDefinitions - Running After Step...
2024-10-16 12:17:24,768 INFO  Login.StepDefinitions.CheckboxStepDefinitions - Given I am on the "Gender" page
2024-10-16 12:17:25,152 INFO  Login.StepDefinitions.CheckboxStepDefinitions - Running After Step...
2024-10-16 12:17:25,152 INFO  Login.StepDefinitions.CheckboxStepDefinitions - When I select the "female" radio button
2024-10-16 12:17:25,152 INFO  Login.StepDefinitions.CheckboxStepDefinitions - Checking The state of female
2024-10-16 12:17:25,152 INFO  Login.StepDefinitions.CheckboxStepDefinitions - State of Element is True
2024-10-16 12:17:25,152 INFO  Login.StepDefinitions.CheckboxStepDefinitions - Running After Step...
2024-10-16 12:17:25,152 INFO  Login.StepDefinitions.CheckboxStepDefinitions - Then the "female" radio button should be selected
2024-10-16 12:17:25,152 INFO  Login.StepDefinitions.CheckboxStepDefinitions - Running After Scenario ...
2024-10-16 12:17:25,408 INFO  TestLayer.Hooks.Hooks - Running Before Scenario for...verify data source login
2024-10-16 12:17:29,286 INFO  TestLayer.Hooks.Hooks - Running After Step...
2024-10-16 12:17:29,286 INFO  TestLayer.Hooks.Hooks - Given I am in login page
2024-10-16 12:17:29,704 INFO  TestLayer.Hooks.Hooks - Running After Step...
2024-10-16 12:17:29,704 INFO  TestLayer.Hooks.Hooks - When I enter username and password from data source csv as "standard_user" and "secret_sauce"
2024-10-16 12:17:29,896 INFO  TestLayer.Hooks.Hooks - Running After Step...
2024-10-16 12:17:29,896 INFO  TestLayer.Hooks.Hooks - When I Clicked login button
2024-10-16 12:17:30,012 INFO  TestLayer.Hooks.Hooks - Running After Step...
2024-10-16 12:17:30,012 INFO  TestLayer.Hooks.Hooks - Then logged in successfully
2024-10-16 12:17:30,013 INFO  TestLayer.Hooks.Hooks - Running After Scenario ...
2024-10-16 12:17:30,262 INFO  TestLayer.Hooks.Hooks - Running Before Scenario for...verify data source login
2024-10-16 12:17:33,633 INFO  TestLayer.Hooks.Hooks - Running After Step...
2024-10-16 12:17:33,633 INFO  TestLayer.Hooks.Hooks - Given I am in login page
2024-10-16 12:17:34,138 INFO  TestLayer.Hooks.Hooks - Running After Step...
2024-10-16 12:17:34,138 INFO  TestLayer.Hooks.Hooks - When I enter username and password from data source csv as "problem_user" and "secret_sauce"
2024-10-16 12:17:34,291 INFO  TestLayer.Hooks.Hooks - Running After Step...
2024-10-16 12:17:34,291 INFO  TestLayer.Hooks.Hooks - When I Clicked login button
2024-10-16 12:17:34,327 INFO  TestLayer.Hooks.Hooks - Running After Step...
2024-10-16 12:17:34,327 INFO  TestLayer.Hooks.Hooks - Then logged in successfully
2024-10-16 12:17:34,327 INFO  TestLayer.Hooks.Hooks - Running After Scenario ...
2024-10-16 12:17:34,574 INFO  TestLayer.Hooks.Hooks - Running Before Scenario for...verify data source login
2024-10-16 12:17:39,378 INFO  TestLayer.Hooks.Hooks - Running After Step...
2024-10-16 12:17:39,380 INFO  TestLayer.Hooks.Hooks - Given I am in login page
2024-10-16 12:17:39,714 INFO  TestLayer.Hooks.Hooks - Running After Step...
2024-10-16 12:17:39,714 INFO  TestLayer.Hooks.Hooks - When I enter username and password from data source csv as "visual_user" and "secret_sauce"
2024-10-16 12:17:39,851 INFO  TestLayer.Hooks.Hooks - Running After Step...
2024-10-16 12:17:39,851 INFO  TestLayer.Hooks.Hooks - When I Clicked login button
2024-10-16 12:17:39,893 INFO  TestLayer.Hooks.Hooks - Running After Step...
2024-10-16 12:17:39,894 INFO  TestLayer.Hooks.Hooks - Then logged in successfully
2024-10-16 12:17:39,894 INFO  TestLayer.Hooks.Hooks - Running After Scenario ...
2024-10-16 12:17:40,109 INFO  TestLayer.Hooks.Hooks - Running Before Scenario for...verify Login Successfully
2024-10-16 12:17:42,739 INFO  TestLayer.Hooks.Hooks - Running After Step...
2024-10-16 12:17:42,739 INFO  TestLayer.Hooks.Hooks - Given I am in login page
2024-10-16 12:17:43,544 INFO  TestLayer.Hooks.Hooks - Running After Step...
2024-10-16 12:17:43,544 INFO  TestLayer.Hooks.Hooks - When I entered username
2024-10-16 12:17:43,764 INFO  TestLayer.Hooks.Hooks - Running After Step...
2024-10-16 12:17:43,764 INFO  TestLayer.Hooks.Hooks - When I entered password
2024-10-16 12:17:43,934 INFO  TestLayer.Hooks.Hooks - Running After Step...
2024-10-16 12:17:43,934 INFO  TestLayer.Hooks.Hooks - When I Clicked login button
2024-10-16 12:17:43,982 INFO  TestLayer.Hooks.Hooks - Running After Step...
2024-10-16 12:17:43,982 INFO  TestLayer.Hooks.Hooks - Then logged in successfully
2024-10-16 12:17:43,983 INFO  TestLayer.Hooks.Hooks - Running After Scenario ...
2024-10-16 12:17:44,232 INFO  TestLayer.Hooks.Hooks - Running Before Scenario for...verify wrong Login with paramter
2024-10-16 12:17:47,778 INFO  TestLayer.Hooks.Hooks - Running After Step...
2024-10-16 12:17:47,778 INFO  TestLayer.Hooks.Hooks - Given I am in login page
2024-10-16 12:17:48,044 INFO  TestLayer.Hooks.Hooks - Running After Step...
2024-10-16 12:17:48,044 INFO  TestLayer.Hooks.Hooks - When I entered username as "another_user"
2024-10-16 12:17:48,261 INFO  TestLayer.Hooks.Hooks - Running After Step...
2024-10-16 12:17:48,261 INFO  TestLayer.Hooks.Hooks - When I entered password as "another_pass"
2024-10-16 12:17:48,358 INFO  TestLayer.Hooks.Hooks - Running After Step...
2024-10-16 12:17:48,358 INFO  TestLayer.Hooks.Hooks - When I Clicked login button
2024-10-16 12:17:48,394 INFO  TestLayer.Hooks.Hooks - Running After Step...
2024-10-16 12:17:48,394 INFO  TestLayer.Hooks.Hooks - Then logged  unsuccessfully
2024-10-16 12:17:48,394 INFO  TestLayer.Hooks.Hooks - Running After Scenario ...
2024-10-16 12:17:48,608 INFO  TestLayer.Hooks.Hooks - Running Before Scenario for...Verify dropdown in product page
2024-10-16 12:17:53,410 INFO  TestLayer.Hooks.Hooks - Running After Step...
2024-10-16 12:17:53,411 INFO  TestLayer.Hooks.Hooks - Given I need to Logged in and see the Product page
2024-10-16 12:17:53,502 INFO  TestLayer.Hooks.Hooks - Running After Step...
2024-10-16 12:17:53,502 INFO  TestLayer.Hooks.Hooks - When I select the option "Name (A to Z)" from the dropdown
2024-10-16 12:17:53,551 INFO  TestLayer.Hooks.Hooks - Running After Step...
2024-10-16 12:17:53,551 INFO  TestLayer.Hooks.Hooks - Then The option "Name (A to Z)" should be selected
2024-10-16 12:17:53,552 INFO  TestLayer.Hooks.Hooks - Running After Scenario ...
2024-10-31 15:30:57,015 INFO  TestLayer.Hooks.Hooks - Running Before Scenario for...Selecting a radio button option
2024-10-31 15:30:57,016 INFO  TestLayer.Hooks.Hooks - Running Before Scenario for...verify data source login
2024-10-31 15:30:57,016 INFO  TestLayer.Hooks.Hooks - Running Before Scenario for...Deselecting a checkbox
2024-10-31 15:30:57,016 INFO  TestLayer.Hooks.Hooks - Running Before Scenario for...Verify dropdown in product page
2024-10-31 15:31:09,534 INFO  Login.StepDefinitions.CheckboxStepDefinitions - Running After Step...
2024-10-31 15:31:09,534 INFO  Login.StepDefinitions.CheckboxStepDefinitions - Given I am on the "Gender" page
2024-10-31 15:31:24,489 INFO  Login.StepDefinitions.CheckboxStepDefinitions - Running After Step...
2024-10-31 15:31:24,489 INFO  Login.StepDefinitions.CheckboxStepDefinitions - Given I am on the checkbox test page
2024-10-31 15:31:24,908 INFO  Login.StepDefinitions.CheckboxStepDefinitions - Running After Step...
2024-10-31 15:31:24,908 INFO  Login.StepDefinitions.CheckboxStepDefinitions - Given I am in login page
2024-10-31 15:31:25,718 INFO  Login.StepDefinitions.CheckboxStepDefinitions - Running After Step...
2024-10-31 15:31:25,718 INFO  Login.StepDefinitions.CheckboxStepDefinitions - When I enter username and password from data source csv as "standard_user" and "secret_sauce"
2024-10-31 15:31:25,819 INFO  Login.StepDefinitions.CheckboxStepDefinitions - Running After Step...
2024-10-31 15:31:25,819 INFO  Login.StepDefinitions.CheckboxStepDefinitions - Given I need to Logged in and see the Product page
2024-10-31 15:31:25,871 INFO  Login.StepDefinitions.CheckboxStepDefinitions - Running After Step...
2024-10-31 15:31:25,871 INFO  Login.StepDefinitions.CheckboxStepDefinitions - When I Clicked login button
2024-10-31 15:31:26,063 INFO  Login.StepDefinitions.CheckboxStepDefinitions - Running After Step...
2024-10-31 15:31:26,063 INFO  Login.StepDefinitions.CheckboxStepDefinitions - Then logged in successfully
2024-10-31 15:31:26,063 ERROR Login.StepDefinitions.CheckboxStepDefinitions - Error 
NUnit.Framework.AssertionException
   at NUnit.Framework.Assert.ReportFailure(String message)
   at NUnit.Framework.Assert.Fail()
   at FrameWorkLayer.Elements.ElementClass.AssertElementVisibility(By locator, Boolean shouldBeVisible) in C:\Users\kuncham_manikanta\Documents\Training\Testing\SpecFlow\Login\Specflow\FrameWorkLayer\Elements\ElementClass.cs:line 47
   at PageObject.SauceDemo.LoginModel.LoginPage.AssertLogin(Boolean shouldBeSuccessful) in C:\Users\kuncham_manikanta\Documents\Training\Testing\SpecFlow\Login\Specflow\PageObject\SauceDemo\LoginModel\LoginPage.Actions.cs:line 42
   at Login.StepDefinitions.LoginStepDefinitions.ThenLoggedInSuccessfully() in C:\Users\kuncham_manikanta\Documents\Training\Testing\SpecFlow\Login\Specflow\Login\StepDefinitions\LoginStepDefinitions.cs:line 83
   at TechTalk.SpecFlow.Bindings.BindingInvoker.InvokeBinding(IBinding binding, IContextManager contextManager, Object[] arguments, ITestTracer testTracer, TimeSpan& duration)
   at TechTalk.SpecFlow.Infrastructure.TestExecutionEngine.ExecuteStepMatch(BindingMatch match, Object[] arguments, TimeSpan& duration)
   at TechTalk.SpecFlow.Infrastructure.TestExecutionEngine.ExecuteStep(IContextManager contextManager, StepInstance stepInstance)
2024-10-31 15:31:26,234 INFO  Login.StepDefinitions.CheckboxStepDefinitions - Running After Scenario ...
2024-10-31 15:31:26,411 INFO  Login.StepDefinitions.CheckboxStepDefinitions - Running After Step...
2024-10-31 15:31:26,412 INFO  Login.StepDefinitions.CheckboxStepDefinitions - When I select the option "Name (A to Z)" from the dropdown
2024-10-31 15:31:26,412 ERROR Login.StepDefinitions.CheckboxStepDefinitions - Error 
System.ObjectDisposedException: Cannot access a disposed object.
Object name: 'System.Net.Http.HttpClient'.
   at System.Net.Http.HttpClient.CheckDisposed()
   at System.Net.Http.HttpClient.SendAsync(HttpRequestMessage request, HttpCompletionOption completionOption, CancellationToken cancellationToken)
   at OpenQA.Selenium.Remote.HttpCommandExecutor.<MakeHttpRequest>d__37.MoveNext()
--- End of stack trace from previous location where exception was thrown ---
   at System.Runtime.ExceptionServices.ExceptionDispatchInfo.Throw()
   at System.Runtime.CompilerServices.TaskAwaiter.HandleNonSuccessAndDebuggerNotification(Task task)
   at OpenQA.Selenium.Remote.HttpCommandExecutor.<ExecuteAsync>d__34.MoveNext()
--- End of stack trace from previous location where exception was thrown ---
   at System.Runtime.ExceptionServices.ExceptionDispatchInfo.Throw()
   at System.Runtime.CompilerServices.TaskAwaiter.HandleNonSuccessAndDebuggerNotification(Task task)
   at OpenQA.Selenium.Remote.DriverServiceCommandExecutor.<ExecuteAsync>d__10.MoveNext()
--- End of stack trace from previous location where exception was thrown ---
   at System.Runtime.ExceptionServices.ExceptionDispatchInfo.Throw()
   at System.Runtime.CompilerServices.TaskAwaiter.HandleNonSuccessAndDebuggerNotification(Task task)
   at OpenQA.Selenium.WebDriver.<ExecuteAsync>d__63.MoveNext()
--- End of stack trace from previous location where exception was thrown ---
   at System.Runtime.ExceptionServices.ExceptionDispatchInfo.Throw()
   at System.Runtime.CompilerServices.TaskAwaiter.HandleNonSuccessAndDebuggerNotification(Task task)
   at OpenQA.Selenium.WebDriver.Execute(String driverCommandToExecute, Dictionary`2 parameters)
   at OpenQA.Selenium.WebDriver.FindElement(String mechanism, String value)
   at FrameWorkLayer.Elements.ElementClass.<>c__DisplayClass2_0.<GetElement>b__0(IWebDriver driver) in C:\Users\kuncham_manikanta\Documents\Training\Testing\SpecFlow\Login\Specflow\FrameWorkLayer\Elements\ElementClass.cs:line 24
   at OpenQA.Selenium.Support.UI.DefaultWait`1.Until[TResult](Func`2 condition, CancellationToken token)
   at OpenQA.Selenium.Support.UI.DefaultWait`1.Until[TResult](Func`2 condition)
   at FrameWorkLayer.Elements.ElementClass.GetElement(By Locator) in C:\Users\kuncham_manikanta\Documents\Training\Testing\SpecFlow\Login\Specflow\FrameWorkLayer\Elements\ElementClass.cs:line 24
   at PageObject.SauceDemo.ProductModel.ProductPage.SelectElementClass() in C:\Users\kuncham_manikanta\Documents\Training\Testing\SpecFlow\Login\Specflow\PageObject\SauceDemo\ProductModel\ProductPage.Action.cs:line 25
   at Login.StepDefinitions.ProductStepDefnition.WhenISelectTheOptionFromTheDropdown(String text) in C:\Users\kuncham_manikanta\Documents\Training\Testing\SpecFlow\Login\Specflow\Login\StepDefinitions\ProductStepDefnition.cs:line 29
   at TechTalk.SpecFlow.Bindings.BindingInvoker.InvokeBinding(IBinding binding, IContextManager contextManager, Object[] arguments, ITestTracer testTracer, TimeSpan& duration)
   at TechTalk.SpecFlow.Infrastructure.TestExecutionEngine.ExecuteStepMatch(BindingMatch match, Object[] arguments, TimeSpan& duration)
   at TechTalk.SpecFlow.Infrastructure.TestExecutionEngine.ExecuteStep(IContextManager contextManager, StepInstance stepInstance)
2024-10-31 15:31:26,425 INFO  Login.StepDefinitions.CheckboxStepDefinitions - Running After Scenario ...
2024-10-31 15:31:26,512 INFO  TestLayer.Hooks.Hooks - Running Before Scenario for...verify data source login
2024-10-31 15:31:26,580 INFO  TestLayer.Hooks.Hooks - Running After Step...
2024-10-31 15:31:26,580 INFO  TestLayer.Hooks.Hooks - When I select the "male" radio button
2024-10-31 15:31:26,580 ERROR TestLayer.Hooks.Hooks - Error 
System.ObjectDisposedException: Cannot access a disposed object.
Object name: 'System.Net.Http.HttpClient'.
   at System.Net.Http.HttpClient.CheckDisposed()
   at System.Net.Http.HttpClient.SendAsync(HttpRequestMessage request, HttpCompletionOption completionOption, CancellationToken cancellationToken)
   at OpenQA.Selenium.Remote.HttpCommandExecutor.<MakeHttpRequest>d__37.MoveNext()
--- End of stack trace from previous location where exception was thrown ---
   at System.Runtime.ExceptionServices.ExceptionDispatchInfo.Throw()
   at System.Runtime.CompilerServices.TaskAwaiter.HandleNonSuccessAndDebuggerNotification(Task task)
   at OpenQA.Selenium.Remote.HttpCommandExecutor.<ExecuteAsync>d__34.MoveNext()
--- End of stack trace from previous location where exception was thrown ---
   at System.Runtime.ExceptionServices.ExceptionDispatchInfo.Throw()
   at System.Runtime.CompilerServices.TaskAwaiter.HandleNonSuccessAndDebuggerNotification(Task task)
   at OpenQA.Selenium.Remote.DriverServiceCommandExecutor.<ExecuteAsync>d__10.MoveNext()
--- End of stack trace from previous location where exception was thrown ---
   at System.Runtime.ExceptionServices.ExceptionDispatchInfo.Throw()
   at System.Runtime.CompilerServices.TaskAwaiter.HandleNonSuccessAndDebuggerNotification(Task task)
   at OpenQA.Selenium.WebDriver.<ExecuteAsync>d__63.MoveNext()
--- End of stack trace from previous location where exception was thrown ---
   at System.Runtime.ExceptionServices.ExceptionDispatchInfo.Throw()
   at System.Runtime.CompilerServices.TaskAwaiter.HandleNonSuccessAndDebuggerNotification(Task task)
   at OpenQA.Selenium.WebDriver.Execute(String driverCommandToExecute, Dictionary`2 parameters)
   at OpenQA.Selenium.WebDriver.FindElement(String mechanism, String value)
   at FrameWorkLayer.Elements.ElementClass.<>c__DisplayClass2_0.<GetElement>b__0(IWebDriver driver) in C:\Users\kuncham_manikanta\Documents\Training\Testing\SpecFlow\Login\Specflow\FrameWorkLayer\Elements\ElementClass.cs:line 24
   at OpenQA.Selenium.Support.UI.DefaultWait`1.Until[TResult](Func`2 condition, CancellationToken token)
   at OpenQA.Selenium.Support.UI.DefaultWait`1.Until[TResult](Func`2 condition)
   at FrameWorkLayer.Elements.ElementClass.GetElement(By Locator) in C:\Users\kuncham_manikanta\Documents\Training\Testing\SpecFlow\Login\Specflow\FrameWorkLayer\Elements\ElementClass.cs:line 24
   at PageObject.DemoQA.ElementPage.Check(By Locator) in C:\Users\kuncham_manikanta\Documents\Training\Testing\SpecFlow\Login\Specflow\PageObject\DemoQA\ElementPage.Action.cs:line 21
   at TestLayer.StepDefinitions.RadioButtonStepDefinitions.WhenISelectTheRadioButton(String text) in C:\Users\kuncham_manikanta\Documents\Training\Testing\SpecFlow\Login\Specflow\Login\StepDefinitions\RadioButtonStepDefinitions.cs:line 36
   at TechTalk.SpecFlow.Bindings.BindingInvoker.InvokeBinding(IBinding binding, IContextManager contextManager, Object[] arguments, ITestTracer testTracer, TimeSpan& duration)
   at TechTalk.SpecFlow.Infrastructure.TestExecutionEngine.ExecuteStepMatch(BindingMatch match, Object[] arguments, TimeSpan& duration)
   at TechTalk.SpecFlow.Infrastructure.TestExecutionEngine.ExecuteStep(IContextManager contextManager, StepInstance stepInstance)
2024-10-31 15:31:26,583 INFO  TestLayer.Hooks.Hooks - Running After Scenario ...
2024-10-31 15:31:26,586 INFO  TestLayer.Hooks.Hooks - Running Before Scenario for...Selecting a radio button option
2024-10-31 15:31:26,749 INFO  TestLayer.Hooks.Hooks - Running After Step...
2024-10-31 15:31:26,749 INFO  TestLayer.Hooks.Hooks - When I deselect the checkbox with "Home"
2024-10-31 15:31:26,749 ERROR TestLayer.Hooks.Hooks - Error 
System.ObjectDisposedException: Cannot access a disposed object.
Object name: 'System.Net.Http.HttpClient'.
   at System.Net.Http.HttpClient.CheckDisposed()
   at System.Net.Http.HttpClient.SendAsync(HttpRequestMessage request, HttpCompletionOption completionOption, CancellationToken cancellationToken)
   at OpenQA.Selenium.Remote.HttpCommandExecutor.<MakeHttpRequest>d__37.MoveNext()
--- End of stack trace from previous location where exception was thrown ---
   at System.Runtime.ExceptionServices.ExceptionDispatchInfo.Throw()
   at System.Runtime.CompilerServices.TaskAwaiter.HandleNonSuccessAndDebuggerNotification(Task task)
   at OpenQA.Selenium.Remote.HttpCommandExecutor.<ExecuteAsync>d__34.MoveNext()
--- End of stack trace from previous location where exception was thrown ---
   at System.Runtime.ExceptionServices.ExceptionDispatchInfo.Throw()
   at System.Runtime.CompilerServices.TaskAwaiter.HandleNonSuccessAndDebuggerNotification(Task task)
   at OpenQA.Selenium.Remote.DriverServiceCommandExecutor.<ExecuteAsync>d__10.MoveNext()
--- End of stack trace from previous location where exception was thrown ---
   at System.Runtime.ExceptionServices.ExceptionDispatchInfo.Throw()
   at System.Runtime.CompilerServices.TaskAwaiter.HandleNonSuccessAndDebuggerNotification(Task task)
   at OpenQA.Selenium.WebDriver.<ExecuteAsync>d__63.MoveNext()
--- End of stack trace from previous location where exception was thrown ---
   at System.Runtime.ExceptionServices.ExceptionDispatchInfo.Throw()
   at System.Runtime.CompilerServices.TaskAwaiter.HandleNonSuccessAndDebuggerNotification(Task task)
   at OpenQA.Selenium.WebDriver.Execute(String driverCommandToExecute, Dictionary`2 parameters)
   at OpenQA.Selenium.WebDriver.FindElement(String mechanism, String value)
   at FrameWorkLayer.Elements.ElementClass.<>c__DisplayClass2_0.<GetElement>b__0(IWebDriver driver) in C:\Users\kuncham_manikanta\Documents\Training\Testing\SpecFlow\Login\Specflow\FrameWorkLayer\Elements\ElementClass.cs:line 24
   at OpenQA.Selenium.Support.UI.DefaultWait`1.Until[TResult](Func`2 condition, CancellationToken token)
   at OpenQA.Selenium.Support.UI.DefaultWait`1.Until[TResult](Func`2 condition)
   at FrameWorkLayer.Elements.ElementClass.GetElement(By Locator) in C:\Users\kuncham_manikanta\Documents\Training\Testing\SpecFlow\Login\Specflow\FrameWorkLayer\Elements\ElementClass.cs:line 24
   at PageObject.DemoQA.ElementPage.Uncheck(By Locator) in C:\Users\kuncham_manikanta\Documents\Training\Testing\SpecFlow\Login\Specflow\PageObject\DemoQA\ElementPage.Action.cs:line 29
   at Login.StepDefinitions.CheckboxStepDefinitions.WhenIDeselectTheCheckboxWith(String home) in C:\Users\kuncham_manikanta\Documents\Training\Testing\SpecFlow\Login\Specflow\Login\StepDefinitions\CheckboxStepDefinitions.cs:line 60
   at TechTalk.SpecFlow.Bindings.BindingInvoker.InvokeBinding(IBinding binding, IContextManager contextManager, Object[] arguments, ITestTracer testTracer, TimeSpan& duration)
   at TechTalk.SpecFlow.Infrastructure.TestExecutionEngine.ExecuteStepMatch(BindingMatch match, Object[] arguments, TimeSpan& duration)
   at TechTalk.SpecFlow.Infrastructure.TestExecutionEngine.ExecuteStep(IContextManager contextManager, StepInstance stepInstance)
2024-10-31 15:31:26,754 INFO  TestLayer.Hooks.Hooks - Running After Scenario ...
2024-10-31 15:31:26,758 INFO  TestLayer.Hooks.Hooks - Running Before Scenario for...Selecting a checkbox
2024-10-31 15:31:30,516 INFO  Login.StepDefinitions.CheckboxStepDefinitions - Laun the Rdaio button Page for :- Gender
2024-10-31 15:31:32,333 INFO  Login.StepDefinitions.CheckboxStepDefinitions - Running After Step...
2024-10-31 15:31:32,333 INFO  Login.StepDefinitions.CheckboxStepDefinitions - Given I am on the checkbox test page
2024-10-31 15:31:33,651 INFO  Login.StepDefinitions.CheckboxStepDefinitions - Running After Step...
2024-10-31 15:31:33,651 INFO  Login.StepDefinitions.CheckboxStepDefinitions - Given I am on the "Gender" page
2024-10-31 15:31:35,075 INFO  Login.StepDefinitions.CheckboxStepDefinitions - Running After Step...
2024-10-31 15:31:35,075 INFO  Login.StepDefinitions.CheckboxStepDefinitions - Given I am in login page
2024-10-31 15:31:36,886 INFO  Login.StepDefinitions.CheckboxStepDefinitions - Running After Step...
2024-10-31 15:31:36,886 INFO  Login.StepDefinitions.CheckboxStepDefinitions - When I enter username and password from data source csv as "problem_user" and "secret_sauce"
2024-10-31 15:31:37,195 INFO  Login.StepDefinitions.CheckboxStepDefinitions - Running After Step...
2024-10-31 15:31:37,195 INFO  Login.StepDefinitions.CheckboxStepDefinitions - When I Clicked login button
2024-10-31 15:31:37,382 INFO  Login.StepDefinitions.CheckboxStepDefinitions - Running After Step...
2024-10-31 15:31:37,382 INFO  Login.StepDefinitions.CheckboxStepDefinitions - Then logged in successfully
2024-10-31 15:31:37,382 INFO  Login.StepDefinitions.CheckboxStepDefinitions - Running After Scenario ...
2024-10-31 15:31:43,960 INFO  Login.StepDefinitions.CheckboxStepDefinitions - Running After Step...
2024-10-31 15:31:43,960 INFO  Login.StepDefinitions.CheckboxStepDefinitions - When I select the checkbox  "Home"
2024-10-31 15:31:43,960 ERROR Login.StepDefinitions.CheckboxStepDefinitions - Error 
OpenQA.Selenium.WebDriverException: The HTTP request to the remote WebDriver server for URL http://localhost:65476/session/41fc09b11801105ce24496ba64e0d096/element timed out after 60 seconds. ---> System.Threading.Tasks.TaskCanceledException: A task was canceled.
   at System.Runtime.CompilerServices.TaskAwaiter.ThrowForNonSuccess(Task task)
   at System.Runtime.CompilerServices.TaskAwaiter.HandleNonSuccessAndDebuggerNotification(Task task)
   at OpenQA.Selenium.Remote.HttpCommandExecutor.<MakeHttpRequest>d__37.MoveNext()
--- End of stack trace from previous location where exception was thrown ---
   at System.Runtime.ExceptionServices.ExceptionDispatchInfo.Throw()
   at System.Runtime.CompilerServices.TaskAwaiter.ThrowForNonSuccess(Task task)
   at System.Runtime.CompilerServices.TaskAwaiter.HandleNonSuccessAndDebuggerNotification(Task task)
   at OpenQA.Selenium.Remote.HttpCommandExecutor.<ExecuteAsync>d__34.MoveNext()
   --- End of inner exception stack trace ---
   at OpenQA.Selenium.Remote.HttpCommandExecutor.<ExecuteAsync>d__34.MoveNext()
--- End of stack trace from previous location where exception was thrown ---
   at System.Runtime.ExceptionServices.ExceptionDispatchInfo.Throw()
   at System.Runtime.CompilerServices.TaskAwaiter.HandleNonSuccessAndDebuggerNotification(Task task)
   at OpenQA.Selenium.Remote.DriverServiceCommandExecutor.<ExecuteAsync>d__10.MoveNext()
--- End of stack trace from previous location where exception was thrown ---
   at System.Runtime.ExceptionServices.ExceptionDispatchInfo.Throw()
   at System.Runtime.CompilerServices.TaskAwaiter.HandleNonSuccessAndDebuggerNotification(Task task)
   at OpenQA.Selenium.WebDriver.<ExecuteAsync>d__63.MoveNext()
--- End of stack trace from previous location where exception was thrown ---
   at System.Runtime.ExceptionServices.ExceptionDispatchInfo.Throw()
   at System.Runtime.CompilerServices.TaskAwaiter.HandleNonSuccessAndDebuggerNotification(Task task)
   at OpenQA.Selenium.WebDriver.Execute(String driverCommandToExecute, Dictionary`2 parameters)
   at OpenQA.Selenium.WebDriver.FindElement(String mechanism, String value)
   at FrameWorkLayer.Utilities.WaitHelper.<>c__DisplayClass7_0.<FluentWait>b__0(IWebDriver x) in C:\Users\kuncham_manikanta\Documents\Training\Testing\SpecFlow\Login\Specflow\FrameWorkLayer\Utilities\WaitHelper.cs:line 76
   at OpenQA.Selenium.Support.UI.DefaultWait`1.Until[TResult](Func`2 condition, CancellationToken token)
   at OpenQA.Selenium.Support.UI.DefaultWait`1.Until[TResult](Func`2 condition)
   at FrameWorkLayer.Utilities.WaitHelper.FluentWait(By locator, Int32 timeOutInSeconds, Int32 pollinginterval) in C:\Users\kuncham_manikanta\Documents\Training\Testing\SpecFlow\Login\Specflow\FrameWorkLayer\Utilities\WaitHelper.cs:line 76
   at PageObject.DemoQA.ElementPage.Check(By Locator) in C:\Users\kuncham_manikanta\Documents\Training\Testing\SpecFlow\Login\Specflow\PageObject\DemoQA\ElementPage.Action.cs:line 22
   at Login.StepDefinitions.CheckboxStepDefinitions.WhenISelectTheCheckbox(String home) in C:\Users\kuncham_manikanta\Documents\Training\Testing\SpecFlow\Login\Specflow\Login\StepDefinitions\CheckboxStepDefinitions.cs:line 41
   at TechTalk.SpecFlow.Bindings.BindingInvoker.InvokeBinding(IBinding binding, IContextManager contextManager, Object[] arguments, ITestTracer testTracer, TimeSpan& duration)
   at TechTalk.SpecFlow.Infrastructure.TestExecutionEngine.ExecuteStepMatch(BindingMatch match, Object[] arguments, TimeSpan& duration)
   at TechTalk.SpecFlow.Infrastructure.TestExecutionEngine.ExecuteStep(IContextManager contextManager, StepInstance stepInstance)
2024-10-31 15:31:43,966 INFO  Login.StepDefinitions.CheckboxStepDefinitions - Running After Scenario ...
2024-10-31 15:31:44,141 INFO  TestLayer.Hooks.Hooks - Running Before Scenario for...verify data source login
2024-10-31 15:31:44,153 INFO  TestLayer.Hooks.Hooks - Running Before Scenario for...Verify checkbox is not selected
2024-10-31 15:32:03,059 INFO  Login.StepDefinitions.CheckboxStepDefinitions - Running After Step...
2024-10-31 15:32:03,059 INFO  Login.StepDefinitions.CheckboxStepDefinitions - Given I am on the checkbox test page
2024-10-31 15:32:03,060 INFO  Login.StepDefinitions.CheckboxStepDefinitions - State of Element is False
2024-10-31 15:32:03,061 INFO  Login.StepDefinitions.CheckboxStepDefinitions - Running After Step...
2024-10-31 15:32:03,061 INFO  Login.StepDefinitions.CheckboxStepDefinitions - When I check the state of the checkbox
2024-10-31 15:32:03,063 INFO  Login.StepDefinitions.CheckboxStepDefinitions - Checking The state of Home
2024-10-31 15:32:03,063 INFO  Login.StepDefinitions.CheckboxStepDefinitions - State of Element is True
2024-10-31 15:32:03,063 INFO  Login.StepDefinitions.CheckboxStepDefinitions - Running After Step...
2024-10-31 15:32:03,063 INFO  Login.StepDefinitions.CheckboxStepDefinitions - Then the checkbox with "Home" should not be selected
2024-10-31 15:32:03,063 INFO  Login.StepDefinitions.CheckboxStepDefinitions - Running After Scenario ...
2024-10-31 15:32:03,672 INFO  Login.StepDefinitions.CheckboxStepDefinitions - Running After Step...
2024-10-31 15:32:03,672 INFO  Login.StepDefinitions.CheckboxStepDefinitions - When I select the "female" radio button
2024-10-31 15:32:03,672 ERROR Login.StepDefinitions.CheckboxStepDefinitions - Error 
OpenQA.Selenium.WebDriverTimeoutException: Timed out after 30 seconds ---> OpenQA.Selenium.NoSuchElementException: no such element: Unable to locate element: {"method":"css selector","selector":"#female"}
  (Session info: chrome=130.0.6723.70); For documentation on this error, please visit: https://www.selenium.dev/documentation/webdriver/troubleshooting/errors#no-such-element-exception
   at OpenQA.Selenium.WebDriver.UnpackAndThrowOnError(Response errorResponse, String commandToExecute)
   at OpenQA.Selenium.WebDriver.<ExecuteAsync>d__63.MoveNext()
--- End of stack trace from previous location where exception was thrown ---
   at System.Runtime.ExceptionServices.ExceptionDispatchInfo.Throw()
   at System.Runtime.CompilerServices.TaskAwaiter.HandleNonSuccessAndDebuggerNotification(Task task)
   at OpenQA.Selenium.WebDriver.Execute(String driverCommandToExecute, Dictionary`2 parameters)
   at OpenQA.Selenium.WebDriver.FindElement(String mechanism, String value)
   at FrameWorkLayer.Elements.ElementClass.<>c__DisplayClass2_0.<GetElement>b__0(IWebDriver driver) in C:\Users\kuncham_manikanta\Documents\Training\Testing\SpecFlow\Login\Specflow\FrameWorkLayer\Elements\ElementClass.cs:line 24
   at OpenQA.Selenium.Support.UI.DefaultWait`1.Until[TResult](Func`2 condition, CancellationToken token)
   --- End of inner exception stack trace ---
   at OpenQA.Selenium.Support.UI.DefaultWait`1.ThrowTimeoutException(String exceptionMessage, Exception lastException)
   at OpenQA.Selenium.Support.UI.DefaultWait`1.Until[TResult](Func`2 condition, CancellationToken token)
   at OpenQA.Selenium.Support.UI.DefaultWait`1.Until[TResult](Func`2 condition)
   at FrameWorkLayer.Elements.ElementClass.GetElement(By Locator) in C:\Users\kuncham_manikanta\Documents\Training\Testing\SpecFlow\Login\Specflow\FrameWorkLayer\Elements\ElementClass.cs:line 24
   at PageObject.DemoQA.ElementPage.Check(By Locator) in C:\Users\kuncham_manikanta\Documents\Training\Testing\SpecFlow\Login\Specflow\PageObject\DemoQA\ElementPage.Action.cs:line 21
   at TestLayer.StepDefinitions.RadioButtonStepDefinitions.WhenISelectTheRadioButton(String text) in C:\Users\kuncham_manikanta\Documents\Training\Testing\SpecFlow\Login\Specflow\Login\StepDefinitions\RadioButtonStepDefinitions.cs:line 36
   at TechTalk.SpecFlow.Bindings.BindingInvoker.InvokeBinding(IBinding binding, IContextManager contextManager, Object[] arguments, ITestTracer testTracer, TimeSpan& duration)
   at TechTalk.SpecFlow.Infrastructure.TestExecutionEngine.ExecuteStepMatch(BindingMatch match, Object[] arguments, TimeSpan& duration)
   at TechTalk.SpecFlow.Infrastructure.TestExecutionEngine.ExecuteStep(IContextManager contextManager, StepInstance stepInstance)
2024-10-31 15:32:04,045 INFO  Login.StepDefinitions.CheckboxStepDefinitions - Running After Step...
2024-10-31 15:32:04,045 INFO  Login.StepDefinitions.CheckboxStepDefinitions - Given I am in login page
2024-10-31 15:32:04,093 INFO  Login.StepDefinitions.CheckboxStepDefinitions - Running After Scenario ...
2024-10-31 15:32:04,093 INFO  Login.StepDefinitions.CheckboxStepDefinitions - Running After Step...
2024-10-31 15:32:04,093 INFO  Login.StepDefinitions.CheckboxStepDefinitions - When I enter username and password from data source csv as "visual_user" and "secret_sauce"
2024-10-31 15:32:04,093 ERROR Login.StepDefinitions.CheckboxStepDefinitions - Error 
OpenQA.Selenium.WebDriverException: The HTTP request to the remote WebDriver server for URL http://localhost:49269/session/73310e3c12b38b52b11a3f6f5045117e/element timed out after 60 seconds. ---> System.Threading.Tasks.TaskCanceledException: A task was canceled.
   at System.Runtime.CompilerServices.TaskAwaiter.ThrowForNonSuccess(Task task)
   at System.Runtime.CompilerServices.TaskAwaiter.HandleNonSuccessAndDebuggerNotification(Task task)
   at OpenQA.Selenium.Remote.HttpCommandExecutor.<MakeHttpRequest>d__37.MoveNext()
--- End of stack trace from previous location where exception was thrown ---
   at System.Runtime.ExceptionServices.ExceptionDispatchInfo.Throw()
   at System.Runtime.CompilerServices.TaskAwaiter.ThrowForNonSuccess(Task task)
   at System.Runtime.CompilerServices.TaskAwaiter.HandleNonSuccessAndDebuggerNotification(Task task)
   at OpenQA.Selenium.Remote.HttpCommandExecutor.<ExecuteAsync>d__34.MoveNext()
   --- End of inner exception stack trace ---
   at OpenQA.Selenium.Remote.HttpCommandExecutor.<ExecuteAsync>d__34.MoveNext()
--- End of stack trace from previous location where exception was thrown ---
   at System.Runtime.ExceptionServices.ExceptionDispatchInfo.Throw()
   at System.Runtime.CompilerServices.TaskAwaiter.HandleNonSuccessAndDebuggerNotification(Task task)
   at OpenQA.Selenium.Remote.DriverServiceCommandExecutor.<ExecuteAsync>d__10.MoveNext()
--- End of stack trace from previous location where exception was thrown ---
   at System.Runtime.ExceptionServices.ExceptionDispatchInfo.Throw()
   at System.Runtime.CompilerServices.TaskAwaiter.HandleNonSuccessAndDebuggerNotification(Task task)
   at OpenQA.Selenium.WebDriver.<ExecuteAsync>d__63.MoveNext()
--- End of stack trace from previous location where exception was thrown ---
   at System.Runtime.ExceptionServices.ExceptionDispatchInfo.Throw()
   at System.Runtime.CompilerServices.TaskAwaiter.HandleNonSuccessAndDebuggerNotification(Task task)
   at OpenQA.Selenium.WebDriver.Execute(String driverCommandToExecute, Dictionary`2 parameters)
   at OpenQA.Selenium.WebDriver.FindElement(String mechanism, String value)
   at FrameWorkLayer.Elements.ElementClass.<>c__DisplayClass2_0.<GetElement>b__0(IWebDriver driver) in C:\Users\kuncham_manikanta\Documents\Training\Testing\SpecFlow\Login\Specflow\FrameWorkLayer\Elements\ElementClass.cs:line 24
   at OpenQA.Selenium.Support.UI.DefaultWait`1.Until[TResult](Func`2 condition, CancellationToken token)
   at OpenQA.Selenium.Support.UI.DefaultWait`1.Until[TResult](Func`2 condition)
   at FrameWorkLayer.Elements.ElementClass.GetElement(By Locator) in C:\Users\kuncham_manikanta\Documents\Training\Testing\SpecFlow\Login\Specflow\FrameWorkLayer\Elements\ElementClass.cs:line 24
   at FrameWorkLayer.Elements.ElementClass.ClearAndSendKeys(By Locatar, String value) in C:\Users\kuncham_manikanta\Documents\Training\Testing\SpecFlow\Login\Specflow\FrameWorkLayer\Elements\ElementClass.cs:line 28
   at PageObject.SauceDemo.LoginModel.LoginPage.EnterUserName(String Username) in C:\Users\kuncham_manikanta\Documents\Training\Testing\SpecFlow\Login\Specflow\PageObject\SauceDemo\LoginModel\LoginPage.Actions.cs:line 26
   at Login.StepDefinitions.LoginStepDefinitions.WhenIEnterUsernameAndPasswordFromDataSourceCsvAsAnd(String username, String password) in C:\Users\kuncham_manikanta\Documents\Training\Testing\SpecFlow\Login\Specflow\Login\StepDefinitions\LoginStepDefinitions.cs:line 52
   at TechTalk.SpecFlow.Bindings.BindingInvoker.InvokeBinding(IBinding binding, IContextManager contextManager, Object[] arguments, ITestTracer testTracer, TimeSpan& duration)
   at TechTalk.SpecFlow.Infrastructure.TestExecutionEngine.ExecuteStepMatch(BindingMatch match, Object[] arguments, TimeSpan& duration)
   at TechTalk.SpecFlow.Infrastructure.TestExecutionEngine.ExecuteStep(IContextManager contextManager, StepInstance stepInstance)
2024-10-31 15:32:04,094 INFO  Login.StepDefinitions.CheckboxStepDefinitions - Running After Scenario ...
2024-10-31 15:32:04,228 INFO  TestLayer.Hooks.Hooks - Running Before Scenario for...Verify checkbox is selected
2024-10-31 15:32:08,560 INFO  Login.StepDefinitions.CheckboxStepDefinitions - Running After Step...
2024-10-31 15:32:08,560 INFO  Login.StepDefinitions.CheckboxStepDefinitions - Given I am in login page
2024-10-31 15:32:24,331 INFO  Login.StepDefinitions.CheckboxStepDefinitions - Running After Step...
2024-10-31 15:32:24,331 INFO  Login.StepDefinitions.CheckboxStepDefinitions - Given I am on the checkbox test page
2024-10-31 15:32:24,734 INFO  Login.StepDefinitions.CheckboxStepDefinitions - Running After Step...
2024-10-31 15:32:24,735 INFO  Login.StepDefinitions.CheckboxStepDefinitions - When I select the checkbox  "Home"
2024-10-31 15:32:24,735 INFO  Login.StepDefinitions.CheckboxStepDefinitions - State of Element is True
2024-10-31 15:32:24,735 INFO  Login.StepDefinitions.CheckboxStepDefinitions - Running After Step...
2024-10-31 15:32:24,735 INFO  Login.StepDefinitions.CheckboxStepDefinitions - When I check the state of the checkbox
2024-10-31 15:32:24,736 INFO  Login.StepDefinitions.CheckboxStepDefinitions - Checking The state of Home
2024-10-31 15:32:24,736 INFO  Login.StepDefinitions.CheckboxStepDefinitions - State of Element is True
2024-10-31 15:32:24,736 INFO  Login.StepDefinitions.CheckboxStepDefinitions - Running After Step...
2024-10-31 15:32:24,736 INFO  Login.StepDefinitions.CheckboxStepDefinitions - Then the checkbox with "Home" should be selected
2024-10-31 15:32:24,736 INFO  Login.StepDefinitions.CheckboxStepDefinitions - Running After Scenario ...
2024-10-31 15:32:24,857 INFO  Login.StepDefinitions.CheckboxStepDefinitions - Running After Step...
2024-10-31 15:32:24,857 INFO  Login.StepDefinitions.CheckboxStepDefinitions - When I entered username
2024-10-31 15:32:24,857 ERROR Login.StepDefinitions.CheckboxStepDefinitions - Error 
System.ObjectDisposedException: Cannot access a disposed object.
Object name: 'System.Net.Http.HttpClient'.
   at System.Net.Http.HttpClient.CheckDisposed()
   at System.Net.Http.HttpClient.SendAsync(HttpRequestMessage request, HttpCompletionOption completionOption, CancellationToken cancellationToken)
   at OpenQA.Selenium.Remote.HttpCommandExecutor.<MakeHttpRequest>d__37.MoveNext()
--- End of stack trace from previous location where exception was thrown ---
   at System.Runtime.ExceptionServices.ExceptionDispatchInfo.Throw()
   at System.Runtime.CompilerServices.TaskAwaiter.HandleNonSuccessAndDebuggerNotification(Task task)
   at OpenQA.Selenium.Remote.HttpCommandExecutor.<ExecuteAsync>d__34.MoveNext()
--- End of stack trace from previous location where exception was thrown ---
   at System.Runtime.ExceptionServices.ExceptionDispatchInfo.Throw()
   at System.Runtime.CompilerServices.TaskAwaiter.HandleNonSuccessAndDebuggerNotification(Task task)
   at OpenQA.Selenium.Remote.DriverServiceCommandExecutor.<ExecuteAsync>d__10.MoveNext()
--- End of stack trace from previous location where exception was thrown ---
   at System.Runtime.ExceptionServices.ExceptionDispatchInfo.Throw()
   at System.Runtime.CompilerServices.TaskAwaiter.HandleNonSuccessAndDebuggerNotification(Task task)
   at OpenQA.Selenium.WebDriver.<ExecuteAsync>d__63.MoveNext()
--- End of stack trace from previous location where exception was thrown ---
   at System.Runtime.ExceptionServices.ExceptionDispatchInfo.Throw()
   at System.Runtime.CompilerServices.TaskAwaiter.HandleNonSuccessAndDebuggerNotification(Task task)
   at OpenQA.Selenium.WebDriver.Execute(String driverCommandToExecute, Dictionary`2 parameters)
   at OpenQA.Selenium.WebDriver.FindElement(String mechanism, String value)
   at FrameWorkLayer.Elements.ElementClass.<>c__DisplayClass2_0.<GetElement>b__0(IWebDriver driver) in C:\Users\kuncham_manikanta\Documents\Training\Testing\SpecFlow\Login\Specflow\FrameWorkLayer\Elements\ElementClass.cs:line 24
   at OpenQA.Selenium.Support.UI.DefaultWait`1.Until[TResult](Func`2 condition, CancellationToken token)
   at OpenQA.Selenium.Support.UI.DefaultWait`1.Until[TResult](Func`2 condition)
   at FrameWorkLayer.Elements.ElementClass.GetElement(By Locator) in C:\Users\kuncham_manikanta\Documents\Training\Testing\SpecFlow\Login\Specflow\FrameWorkLayer\Elements\ElementClass.cs:line 24
   at FrameWorkLayer.Elements.ElementClass.ClearAndSendKeys(By Locatar, String value) in C:\Users\kuncham_manikanta\Documents\Training\Testing\SpecFlow\Login\Specflow\FrameWorkLayer\Elements\ElementClass.cs:line 28
   at PageObject.SauceDemo.LoginModel.LoginPage.EnterUserName(String Username) in C:\Users\kuncham_manikanta\Documents\Training\Testing\SpecFlow\Login\Specflow\PageObject\SauceDemo\LoginModel\LoginPage.Actions.cs:line 26
   at Login.StepDefinitions.LoginStepDefinitions.WhenIEnteredUsername() in C:\Users\kuncham_manikanta\Documents\Training\Testing\SpecFlow\Login\Specflow\Login\StepDefinitions\LoginStepDefinitions.cs:line 40
   at TechTalk.SpecFlow.Bindings.BindingInvoker.InvokeBinding(IBinding binding, IContextManager contextManager, Object[] arguments, ITestTracer testTracer, TimeSpan& duration)
   at TechTalk.SpecFlow.Infrastructure.TestExecutionEngine.ExecuteStepMatch(BindingMatch match, Object[] arguments, TimeSpan& duration)
   at TechTalk.SpecFlow.Infrastructure.TestExecutionEngine.ExecuteStep(IContextManager contextManager, StepInstance stepInstance)
2024-10-31 15:32:24,862 INFO  Login.StepDefinitions.CheckboxStepDefinitions - Running After Scenario ...
2024-10-31 15:32:24,962 INFO  TestLayer.Hooks.Hooks - Running Before Scenario for...verify wrong Login with paramter
2024-10-31 15:32:27,747 INFO  TestLayer.Hooks.Hooks - Running After Step...
2024-10-31 15:32:27,747 INFO  TestLayer.Hooks.Hooks - Given I am in login page
2024-10-31 15:32:28,038 INFO  TestLayer.Hooks.Hooks - Running After Step...
2024-10-31 15:32:28,038 INFO  TestLayer.Hooks.Hooks - When I entered username as "another_user"
2024-10-31 15:32:28,270 INFO  TestLayer.Hooks.Hooks - Running After Step...
2024-10-31 15:32:28,270 INFO  TestLayer.Hooks.Hooks - When I entered password as "another_pass"
2024-10-31 15:32:28,362 INFO  TestLayer.Hooks.Hooks - Running After Step...
2024-10-31 15:32:28,363 INFO  TestLayer.Hooks.Hooks - When I Clicked login button
2024-10-31 15:32:28,381 INFO  TestLayer.Hooks.Hooks - Running After Step...
2024-10-31 15:32:28,381 INFO  TestLayer.Hooks.Hooks - Then logged  unsuccessfully
2024-10-31 15:32:28,381 INFO  TestLayer.Hooks.Hooks - Running After Scenario ...
2024-10-31 15:33:35,631 INFO  TestLayer.Hooks.Hooks - Running Before Scenario for...Deselecting a checkbox
2024-10-31 15:33:48,109 INFO  Login.StepDefinitions.CheckboxStepDefinitions - Running After Step...
2024-10-31 15:33:48,110 INFO  Login.StepDefinitions.CheckboxStepDefinitions - Given I am on the checkbox test page
2024-10-31 15:33:48,151 INFO  Login.StepDefinitions.CheckboxStepDefinitions - Running After Step...
2024-10-31 15:33:48,151 INFO  Login.StepDefinitions.CheckboxStepDefinitions - When I deselect the checkbox with "Home"
2024-10-31 15:33:48,152 INFO  Login.StepDefinitions.CheckboxStepDefinitions - Checking The state of Home
2024-10-31 15:33:48,153 INFO  Login.StepDefinitions.CheckboxStepDefinitions - State of Element is True
2024-10-31 15:33:48,153 INFO  Login.StepDefinitions.CheckboxStepDefinitions - Running After Step...
2024-10-31 15:33:48,153 INFO  Login.StepDefinitions.CheckboxStepDefinitions - Then the checkbox with "Home" should not be selected
2024-10-31 15:33:48,154 INFO  Login.StepDefinitions.CheckboxStepDefinitions - Running After Scenario ...
2024-10-31 15:33:48,313 INFO  TestLayer.Hooks.Hooks - Running Before Scenario for...Selecting a checkbox
2024-10-31 15:33:59,319 INFO  Login.StepDefinitions.CheckboxStepDefinitions - Running After Step...
2024-10-31 15:33:59,319 INFO  Login.StepDefinitions.CheckboxStepDefinitions - Given I am on the checkbox test page
2024-10-31 15:33:59,731 INFO  Login.StepDefinitions.CheckboxStepDefinitions - Running After Step...
2024-10-31 15:33:59,731 INFO  Login.StepDefinitions.CheckboxStepDefinitions - When I select the checkbox  "Home"
2024-10-31 15:33:59,732 INFO  Login.StepDefinitions.CheckboxStepDefinitions - Checking The state of Home
2024-10-31 15:33:59,733 INFO  Login.StepDefinitions.CheckboxStepDefinitions - State of Element is True
2024-10-31 15:33:59,733 INFO  Login.StepDefinitions.CheckboxStepDefinitions - Running After Step...
2024-10-31 15:33:59,733 INFO  Login.StepDefinitions.CheckboxStepDefinitions - Then the checkbox with "Home" should be selected
2024-10-31 15:33:59,733 INFO  Login.StepDefinitions.CheckboxStepDefinitions - Running After Scenario ...
2024-10-31 15:33:59,902 INFO  TestLayer.Hooks.Hooks - Running Before Scenario for...Verify checkbox is not selected
2024-10-31 15:34:10,660 INFO  Login.StepDefinitions.CheckboxStepDefinitions - Running After Step...
2024-10-31 15:34:10,660 INFO  Login.StepDefinitions.CheckboxStepDefinitions - Given I am on the checkbox test page
2024-10-31 15:34:10,661 INFO  Login.StepDefinitions.CheckboxStepDefinitions - State of Element is False
2024-10-31 15:34:10,661 INFO  Login.StepDefinitions.CheckboxStepDefinitions - Running After Step...
2024-10-31 15:34:10,661 INFO  Login.StepDefinitions.CheckboxStepDefinitions - When I check the state of the checkbox
2024-10-31 15:34:10,661 INFO  Login.StepDefinitions.CheckboxStepDefinitions - Checking The state of Home
2024-10-31 15:34:10,661 INFO  Login.StepDefinitions.CheckboxStepDefinitions - State of Element is True
2024-10-31 15:34:10,661 INFO  Login.StepDefinitions.CheckboxStepDefinitions - Running After Step...
2024-10-31 15:34:10,661 INFO  Login.StepDefinitions.CheckboxStepDefinitions - Then the checkbox with "Home" should not be selected
2024-10-31 15:34:10,661 INFO  Login.StepDefinitions.CheckboxStepDefinitions - Running After Scenario ...
2024-10-31 15:34:10,823 INFO  TestLayer.Hooks.Hooks - Running Before Scenario for...Verify checkbox is selected
2024-10-31 15:34:25,229 INFO  Login.StepDefinitions.CheckboxStepDefinitions - Running After Step...
2024-10-31 15:34:25,230 INFO  Login.StepDefinitions.CheckboxStepDefinitions - Given I am on the checkbox test page
2024-10-31 15:34:25,614 INFO  Login.StepDefinitions.CheckboxStepDefinitions - Running After Step...
2024-10-31 15:34:25,614 INFO  Login.StepDefinitions.CheckboxStepDefinitions - When I select the checkbox  "Home"
2024-10-31 15:34:25,615 INFO  Login.StepDefinitions.CheckboxStepDefinitions - State of Element is True
2024-10-31 15:34:25,615 INFO  Login.StepDefinitions.CheckboxStepDefinitions - Running After Step...
2024-10-31 15:34:25,615 INFO  Login.StepDefinitions.CheckboxStepDefinitions - When I check the state of the checkbox
2024-10-31 15:34:25,615 INFO  Login.StepDefinitions.CheckboxStepDefinitions - Checking The state of Home
2024-10-31 15:34:25,615 INFO  Login.StepDefinitions.CheckboxStepDefinitions - State of Element is True
2024-10-31 15:34:25,615 INFO  Login.StepDefinitions.CheckboxStepDefinitions - Running After Step...
2024-10-31 15:34:25,615 INFO  Login.StepDefinitions.CheckboxStepDefinitions - Then the checkbox with "Home" should be selected
2024-10-31 15:34:25,615 INFO  Login.StepDefinitions.CheckboxStepDefinitions - Running After Scenario ...
2024-10-31 15:34:25,833 INFO  TestLayer.Hooks.Hooks - Running Before Scenario for...Selecting a radio button option
2024-10-31 15:34:28,045 INFO  Login.StepDefinitions.CheckboxStepDefinitions - Laun the Rdaio button Page for :- Gender
2024-10-31 15:34:29,527 INFO  Login.StepDefinitions.CheckboxStepDefinitions - Running After Step...
2024-10-31 15:34:29,527 INFO  Login.StepDefinitions.CheckboxStepDefinitions - Given I am on the "Gender" page
2024-10-31 15:34:30,014 INFO  Login.StepDefinitions.CheckboxStepDefinitions - Running After Step...
2024-10-31 15:34:30,014 INFO  Login.StepDefinitions.CheckboxStepDefinitions - When I select the "male" radio button
2024-10-31 15:34:30,015 INFO  Login.StepDefinitions.CheckboxStepDefinitions - Checking The state of male
2024-10-31 15:34:30,015 INFO  Login.StepDefinitions.CheckboxStepDefinitions - State of Element is True
2024-10-31 15:34:30,015 INFO  Login.StepDefinitions.CheckboxStepDefinitions - Running After Step...
2024-10-31 15:34:30,015 INFO  Login.StepDefinitions.CheckboxStepDefinitions - Then the "male" radio button should be selected
2024-10-31 15:34:30,016 INFO  Login.StepDefinitions.CheckboxStepDefinitions - Running After Scenario ...
2024-10-31 15:34:30,214 INFO  TestLayer.Hooks.Hooks - Running Before Scenario for...Selecting a radio button option
2024-10-31 15:34:32,575 INFO  Login.StepDefinitions.CheckboxStepDefinitions - Laun the Rdaio button Page for :- Gender
2024-10-31 15:34:34,133 INFO  Login.StepDefinitions.CheckboxStepDefinitions - Running After Step...
2024-10-31 15:34:34,133 INFO  Login.StepDefinitions.CheckboxStepDefinitions - Given I am on the "Gender" page
2024-10-31 15:34:34,580 INFO  Login.StepDefinitions.CheckboxStepDefinitions - Running After Step...
2024-10-31 15:34:34,580 INFO  Login.StepDefinitions.CheckboxStepDefinitions - When I select the "female" radio button
2024-10-31 15:34:34,580 INFO  Login.StepDefinitions.CheckboxStepDefinitions - Checking The state of female
2024-10-31 15:34:34,581 INFO  Login.StepDefinitions.CheckboxStepDefinitions - State of Element is True
2024-10-31 15:34:34,581 INFO  Login.StepDefinitions.CheckboxStepDefinitions - Running After Step...
2024-10-31 15:34:34,581 INFO  Login.StepDefinitions.CheckboxStepDefinitions - Then the "female" radio button should be selected
2024-10-31 15:34:34,581 INFO  Login.StepDefinitions.CheckboxStepDefinitions - Running After Scenario ...
2024-10-31 15:34:34,869 INFO  TestLayer.Hooks.Hooks - Running Before Scenario for...verify data source login
2024-10-31 15:34:38,696 INFO  TestLayer.Hooks.Hooks - Running After Step...
2024-10-31 15:34:38,696 INFO  TestLayer.Hooks.Hooks - Given I am in login page
2024-10-31 15:34:39,188 INFO  TestLayer.Hooks.Hooks - Running After Step...
2024-10-31 15:34:39,188 INFO  TestLayer.Hooks.Hooks - When I enter username and password from data source csv as "standard_user" and "secret_sauce"
2024-10-31 15:34:39,345 INFO  TestLayer.Hooks.Hooks - Running After Step...
2024-10-31 15:34:39,345 INFO  TestLayer.Hooks.Hooks - When I Clicked login button
2024-10-31 15:34:39,426 INFO  TestLayer.Hooks.Hooks - Running After Step...
2024-10-31 15:34:39,426 INFO  TestLayer.Hooks.Hooks - Then logged in successfully
2024-10-31 15:34:39,426 INFO  TestLayer.Hooks.Hooks - Running After Scenario ...
2024-10-31 15:34:39,684 INFO  TestLayer.Hooks.Hooks - Running Before Scenario for...verify data source login
2024-10-31 15:34:43,410 INFO  TestLayer.Hooks.Hooks - Running After Step...
2024-10-31 15:34:43,410 INFO  TestLayer.Hooks.Hooks - Given I am in login page
2024-10-31 15:34:43,930 INFO  TestLayer.Hooks.Hooks - Running After Step...
2024-10-31 15:34:43,930 INFO  TestLayer.Hooks.Hooks - When I enter username and password from data source csv as "problem_user" and "secret_sauce"
2024-10-31 15:34:44,087 INFO  TestLayer.Hooks.Hooks - Running After Step...
2024-10-31 15:34:44,087 INFO  TestLayer.Hooks.Hooks - When I Clicked login button
2024-10-31 15:34:44,132 INFO  TestLayer.Hooks.Hooks - Running After Step...
2024-10-31 15:34:44,132 INFO  TestLayer.Hooks.Hooks - Then logged in successfully
2024-10-31 15:34:44,132 INFO  TestLayer.Hooks.Hooks - Running After Scenario ...
2024-10-31 15:34:44,405 INFO  TestLayer.Hooks.Hooks - Running Before Scenario for...verify data source login
2024-10-31 15:34:47,720 INFO  TestLayer.Hooks.Hooks - Running After Step...
2024-10-31 15:34:47,720 INFO  TestLayer.Hooks.Hooks - Given I am in login page
2024-10-31 15:34:48,300 INFO  TestLayer.Hooks.Hooks - Running After Step...
2024-10-31 15:34:48,300 INFO  TestLayer.Hooks.Hooks - When I enter username and password from data source csv as "visual_user" and "secret_sauce"
2024-10-31 15:34:48,468 INFO  TestLayer.Hooks.Hooks - Running After Step...
2024-10-31 15:34:48,468 INFO  TestLayer.Hooks.Hooks - When I Clicked login button
2024-10-31 15:34:48,526 INFO  TestLayer.Hooks.Hooks - Running After Step...
2024-10-31 15:34:48,526 INFO  TestLayer.Hooks.Hooks - Then logged in successfully
2024-10-31 15:34:48,526 INFO  TestLayer.Hooks.Hooks - Running After Scenario ...
2024-10-31 15:34:48,871 INFO  TestLayer.Hooks.Hooks - Running Before Scenario for...verify Login Successfully
2024-10-31 15:34:52,446 INFO  TestLayer.Hooks.Hooks - Running After Step...
2024-10-31 15:34:52,446 INFO  TestLayer.Hooks.Hooks - Given I am in login page
2024-10-31 15:34:52,761 INFO  TestLayer.Hooks.Hooks - Running After Step...
2024-10-31 15:34:52,762 INFO  TestLayer.Hooks.Hooks - When I entered username
2024-10-31 15:34:52,995 INFO  TestLayer.Hooks.Hooks - Running After Step...
2024-10-31 15:34:52,995 INFO  TestLayer.Hooks.Hooks - When I entered password
2024-10-31 15:34:53,177 INFO  TestLayer.Hooks.Hooks - Running After Step...
2024-10-31 15:34:53,178 INFO  TestLayer.Hooks.Hooks - When I Clicked login button
2024-10-31 15:34:53,221 INFO  TestLayer.Hooks.Hooks - Running After Step...
2024-10-31 15:34:53,221 INFO  TestLayer.Hooks.Hooks - Then logged in successfully
2024-10-31 15:34:53,221 INFO  TestLayer.Hooks.Hooks - Running After Scenario ...
2024-10-31 15:34:53,463 INFO  TestLayer.Hooks.Hooks - Running Before Scenario for...verify wrong Login with paramter
2024-10-31 15:34:56,362 INFO  TestLayer.Hooks.Hooks - Running After Step...
2024-10-31 15:34:56,362 INFO  TestLayer.Hooks.Hooks - Given I am in login page
2024-10-31 15:34:56,639 INFO  TestLayer.Hooks.Hooks - Running After Step...
2024-10-31 15:34:56,639 INFO  TestLayer.Hooks.Hooks - When I entered username as "another_user"
2024-10-31 15:34:56,880 INFO  TestLayer.Hooks.Hooks - Running After Step...
2024-10-31 15:34:56,880 INFO  TestLayer.Hooks.Hooks - When I entered password as "another_pass"
2024-10-31 15:34:57,019 INFO  TestLayer.Hooks.Hooks - Running After Step...
2024-10-31 15:34:57,019 INFO  TestLayer.Hooks.Hooks - When I Clicked login button
2024-10-31 15:34:57,078 INFO  TestLayer.Hooks.Hooks - Running After Step...
2024-10-31 15:34:57,078 INFO  TestLayer.Hooks.Hooks - Then logged  unsuccessfully
2024-10-31 15:34:57,079 INFO  TestLayer.Hooks.Hooks - Running After Scenario ...
2024-10-31 15:34:57,420 INFO  TestLayer.Hooks.Hooks - Running Before Scenario for...Verify dropdown in product page
2024-10-31 15:35:01,602 INFO  TestLayer.Hooks.Hooks - Running After Step...
2024-10-31 15:35:01,602 INFO  TestLayer.Hooks.Hooks - Given I need to Logged in and see the Product page
2024-10-31 15:35:01,704 INFO  TestLayer.Hooks.Hooks - Running After Step...
2024-10-31 15:35:01,704 INFO  TestLayer.Hooks.Hooks - When I select the option "Name (A to Z)" from the dropdown
2024-10-31 15:35:01,771 INFO  TestLayer.Hooks.Hooks - Running After Step...
2024-10-31 15:35:01,771 INFO  TestLayer.Hooks.Hooks - Then The option "Name (A to Z)" should be selected
2024-10-31 15:35:01,771 INFO  TestLayer.Hooks.Hooks - Running After Scenario ...
2024-10-31 15:37:02,725 INFO  TestLayer.Hooks.Hooks - Running Before Scenario for...verify data source login
2024-10-31 15:37:02,726 INFO  TestLayer.Hooks.Hooks - Running Before Scenario for...Deselecting a checkbox
2024-10-31 15:37:02,726 INFO  TestLayer.Hooks.Hooks - Running Before Scenario for...Selecting a radio button option
2024-10-31 15:37:02,725 INFO  TestLayer.Hooks.Hooks - Running Before Scenario for...Verify dropdown in product page
2024-10-31 15:37:06,444 INFO  Login.StepDefinitions.CheckboxStepDefinitions - Laun the Rdaio button Page for :- Gender
2024-10-31 15:37:07,302 INFO  Login.StepDefinitions.CheckboxStepDefinitions - Running After Step...
2024-10-31 15:37:07,302 INFO  Login.StepDefinitions.CheckboxStepDefinitions - Given I am on the "Gender" page
2024-10-31 15:37:22,855 INFO  Login.StepDefinitions.CheckboxStepDefinitions - Running After Step...
2024-10-31 15:37:22,856 INFO  Login.StepDefinitions.CheckboxStepDefinitions - Given I am on the checkbox test page
2024-10-31 15:37:24,365 INFO  Login.StepDefinitions.CheckboxStepDefinitions - Running After Step...
2024-10-31 15:37:24,365 INFO  Login.StepDefinitions.CheckboxStepDefinitions - Given I am in login page
2024-10-31 15:37:25,341 INFO  Login.StepDefinitions.CheckboxStepDefinitions - Running After Step...
2024-10-31 15:37:25,341 INFO  Login.StepDefinitions.CheckboxStepDefinitions - When I enter username and password from data source csv as "standard_user" and "secret_sauce"
2024-10-31 15:37:25,482 INFO  Login.StepDefinitions.CheckboxStepDefinitions - Running After Step...
2024-10-31 15:37:25,482 INFO  Login.StepDefinitions.CheckboxStepDefinitions - Given I need to Logged in and see the Product page
2024-10-31 15:37:25,558 INFO  Login.StepDefinitions.CheckboxStepDefinitions - Running After Step...
2024-10-31 15:37:25,558 INFO  Login.StepDefinitions.CheckboxStepDefinitions - When I Clicked login button
2024-10-31 15:37:25,858 INFO  Login.StepDefinitions.CheckboxStepDefinitions - Running After Step...
2024-10-31 15:37:25,859 INFO  Login.StepDefinitions.CheckboxStepDefinitions - Then logged in successfully
2024-10-31 15:37:25,859 ERROR Login.StepDefinitions.CheckboxStepDefinitions - Error 
NUnit.Framework.AssertionException
   at NUnit.Framework.Assert.ReportFailure(String message)
   at NUnit.Framework.Assert.Fail()
   at FrameWorkLayer.Elements.ElementClass.AssertElementVisibility(By locator, Boolean shouldBeVisible) in C:\Users\kuncham_manikanta\Documents\Training\Testing\SpecFlow\Login\Specflow\FrameWorkLayer\Elements\ElementClass.cs:line 47
   at PageObject.SauceDemo.LoginModel.LoginPage.AssertLogin(Boolean shouldBeSuccessful) in C:\Users\kuncham_manikanta\Documents\Training\Testing\SpecFlow\Login\Specflow\PageObject\SauceDemo\LoginModel\LoginPage.Actions.cs:line 42
   at Login.StepDefinitions.LoginStepDefinitions.ThenLoggedInSuccessfully() in C:\Users\kuncham_manikanta\Documents\Training\Testing\SpecFlow\Login\Specflow\Login\StepDefinitions\LoginStepDefinitions.cs:line 83
   at TechTalk.SpecFlow.Bindings.BindingInvoker.InvokeBinding(IBinding binding, IContextManager contextManager, Object[] arguments, ITestTracer testTracer, TimeSpan& duration)
   at TechTalk.SpecFlow.Infrastructure.TestExecutionEngine.ExecuteStepMatch(BindingMatch match, Object[] arguments, TimeSpan& duration)
   at TechTalk.SpecFlow.Infrastructure.TestExecutionEngine.ExecuteStep(IContextManager contextManager, StepInstance stepInstance)
2024-10-31 15:37:26,088 INFO  Login.StepDefinitions.CheckboxStepDefinitions - Running After Scenario ...
2024-10-31 15:37:26,223 INFO  Login.StepDefinitions.CheckboxStepDefinitions - Running After Step...
2024-10-31 15:37:26,223 INFO  Login.StepDefinitions.CheckboxStepDefinitions - When I select the "male" radio button
2024-10-31 15:37:26,223 ERROR Login.StepDefinitions.CheckboxStepDefinitions - Error 
OpenQA.Selenium.WebDriverException: The HTTP request to the remote WebDriver server for URL http://localhost:50525/session/0bfe87b6c23d0235d7c4099a85760c15/element timed out after 60 seconds. ---> System.Threading.Tasks.TaskCanceledException: A task was canceled.
   at System.Runtime.CompilerServices.TaskAwaiter.ThrowForNonSuccess(Task task)
   at System.Runtime.CompilerServices.TaskAwaiter.HandleNonSuccessAndDebuggerNotification(Task task)
   at OpenQA.Selenium.Remote.HttpCommandExecutor.<MakeHttpRequest>d__37.MoveNext()
--- End of stack trace from previous location where exception was thrown ---
   at System.Runtime.ExceptionServices.ExceptionDispatchInfo.Throw()
   at System.Runtime.CompilerServices.TaskAwaiter.ThrowForNonSuccess(Task task)
   at System.Runtime.CompilerServices.TaskAwaiter.HandleNonSuccessAndDebuggerNotification(Task task)
   at OpenQA.Selenium.Remote.HttpCommandExecutor.<ExecuteAsync>d__34.MoveNext()
   --- End of inner exception stack trace ---
   at OpenQA.Selenium.Remote.HttpCommandExecutor.<ExecuteAsync>d__34.MoveNext()
--- End of stack trace from previous location where exception was thrown ---
   at System.Runtime.ExceptionServices.ExceptionDispatchInfo.Throw()
   at System.Runtime.CompilerServices.TaskAwaiter.HandleNonSuccessAndDebuggerNotification(Task task)
   at OpenQA.Selenium.Remote.DriverServiceCommandExecutor.<ExecuteAsync>d__10.MoveNext()
--- End of stack trace from previous location where exception was thrown ---
   at System.Runtime.ExceptionServices.ExceptionDispatchInfo.Throw()
   at System.Runtime.CompilerServices.TaskAwaiter.HandleNonSuccessAndDebuggerNotification(Task task)
   at OpenQA.Selenium.WebDriver.<ExecuteAsync>d__63.MoveNext()
--- End of stack trace from previous location where exception was thrown ---
   at System.Runtime.ExceptionServices.ExceptionDispatchInfo.Throw()
   at System.Runtime.CompilerServices.TaskAwaiter.HandleNonSuccessAndDebuggerNotification(Task task)
   at OpenQA.Selenium.WebDriver.Execute(String driverCommandToExecute, Dictionary`2 parameters)
   at OpenQA.Selenium.WebDriver.FindElement(String mechanism, String value)
   at FrameWorkLayer.Elements.ElementClass.<>c__DisplayClass2_0.<GetElement>b__0(IWebDriver driver) in C:\Users\kuncham_manikanta\Documents\Training\Testing\SpecFlow\Login\Specflow\FrameWorkLayer\Elements\ElementClass.cs:line 24
   at OpenQA.Selenium.Support.UI.DefaultWait`1.Until[TResult](Func`2 condition, CancellationToken token)
   at OpenQA.Selenium.Support.UI.DefaultWait`1.Until[TResult](Func`2 condition)
   at FrameWorkLayer.Elements.ElementClass.GetElement(By Locator) in C:\Users\kuncham_manikanta\Documents\Training\Testing\SpecFlow\Login\Specflow\FrameWorkLayer\Elements\ElementClass.cs:line 24
   at PageObject.DemoQA.ElementPage.Check(By Locator) in C:\Users\kuncham_manikanta\Documents\Training\Testing\SpecFlow\Login\Specflow\PageObject\DemoQA\ElementPage.Action.cs:line 21
   at TestLayer.StepDefinitions.RadioButtonStepDefinitions.WhenISelectTheRadioButton(String text) in C:\Users\kuncham_manikanta\Documents\Training\Testing\SpecFlow\Login\Specflow\Login\StepDefinitions\RadioButtonStepDefinitions.cs:line 36
   at TechTalk.SpecFlow.Bindings.BindingInvoker.InvokeBinding(IBinding binding, IContextManager contextManager, Object[] arguments, ITestTracer testTracer, TimeSpan& duration)
   at TechTalk.SpecFlow.Infrastructure.TestExecutionEngine.ExecuteStepMatch(BindingMatch match, Object[] arguments, TimeSpan& duration)
   at TechTalk.SpecFlow.Infrastructure.TestExecutionEngine.ExecuteStep(IContextManager contextManager, StepInstance stepInstance)
2024-10-31 15:37:26,225 INFO  Login.StepDefinitions.CheckboxStepDefinitions - Running After Step...
2024-10-31 15:37:26,225 INFO  Login.StepDefinitions.CheckboxStepDefinitions - When I select the option "Name (A to Z)" from the dropdown
2024-10-31 15:37:26,225 ERROR Login.StepDefinitions.CheckboxStepDefinitions - Error 
OpenQA.Selenium.WebDriverException: The HTTP request to the remote WebDriver server for URL http://localhost:50525/session/0bfe87b6c23d0235d7c4099a85760c15/element timed out after 60 seconds. ---> System.Threading.Tasks.TaskCanceledException: A task was canceled.
   at System.Runtime.CompilerServices.TaskAwaiter.ThrowForNonSuccess(Task task)
   at System.Runtime.CompilerServices.TaskAwaiter.HandleNonSuccessAndDebuggerNotification(Task task)
   at OpenQA.Selenium.Remote.HttpCommandExecutor.<MakeHttpRequest>d__37.MoveNext()
--- End of stack trace from previous location where exception was thrown ---
   at System.Runtime.ExceptionServices.ExceptionDispatchInfo.Throw()
   at System.Runtime.CompilerServices.TaskAwaiter.ThrowForNonSuccess(Task task)
   at System.Runtime.CompilerServices.TaskAwaiter.HandleNonSuccessAndDebuggerNotification(Task task)
   at OpenQA.Selenium.Remote.HttpCommandExecutor.<ExecuteAsync>d__34.MoveNext()
   --- End of inner exception stack trace ---
   at OpenQA.Selenium.Remote.HttpCommandExecutor.<ExecuteAsync>d__34.MoveNext()
--- End of stack trace from previous location where exception was thrown ---
   at System.Runtime.ExceptionServices.ExceptionDispatchInfo.Throw()
   at System.Runtime.CompilerServices.TaskAwaiter.HandleNonSuccessAndDebuggerNotification(Task task)
   at OpenQA.Selenium.Remote.DriverServiceCommandExecutor.<ExecuteAsync>d__10.MoveNext()
--- End of stack trace from previous location where exception was thrown ---
   at System.Runtime.ExceptionServices.ExceptionDispatchInfo.Throw()
   at System.Runtime.CompilerServices.TaskAwaiter.HandleNonSuccessAndDebuggerNotification(Task task)
   at OpenQA.Selenium.WebDriver.<ExecuteAsync>d__63.MoveNext()
--- End of stack trace from previous location where exception was thrown ---
   at System.Runtime.ExceptionServices.ExceptionDispatchInfo.Throw()
   at System.Runtime.CompilerServices.TaskAwaiter.HandleNonSuccessAndDebuggerNotification(Task task)
   at OpenQA.Selenium.WebDriver.Execute(String driverCommandToExecute, Dictionary`2 parameters)
   at OpenQA.Selenium.WebDriver.FindElement(String mechanism, String value)
   at FrameWorkLayer.Elements.ElementClass.<>c__DisplayClass2_0.<GetElement>b__0(IWebDriver driver) in C:\Users\kuncham_manikanta\Documents\Training\Testing\SpecFlow\Login\Specflow\FrameWorkLayer\Elements\ElementClass.cs:line 24
   at OpenQA.Selenium.Support.UI.DefaultWait`1.Until[TResult](Func`2 condition, CancellationToken token)
   at OpenQA.Selenium.Support.UI.DefaultWait`1.Until[TResult](Func`2 condition)
   at FrameWorkLayer.Elements.ElementClass.GetElement(By Locator) in C:\Users\kuncham_manikanta\Documents\Training\Testing\SpecFlow\Login\Specflow\FrameWorkLayer\Elements\ElementClass.cs:line 24
   at PageObject.SauceDemo.ProductModel.ProductPage.SelectElementClass() in C:\Users\kuncham_manikanta\Documents\Training\Testing\SpecFlow\Login\Specflow\PageObject\SauceDemo\ProductModel\ProductPage.Action.cs:line 25
   at Login.StepDefinitions.ProductStepDefnition.WhenISelectTheOptionFromTheDropdown(String text) in C:\Users\kuncham_manikanta\Documents\Training\Testing\SpecFlow\Login\Specflow\Login\StepDefinitions\ProductStepDefnition.cs:line 29
   at TechTalk.SpecFlow.Bindings.BindingInvoker.InvokeBinding(IBinding binding, IContextManager contextManager, Object[] arguments, ITestTracer testTracer, TimeSpan& duration)
   at TechTalk.SpecFlow.Infrastructure.TestExecutionEngine.ExecuteStepMatch(BindingMatch match, Object[] arguments, TimeSpan& duration)
   at TechTalk.SpecFlow.Infrastructure.TestExecutionEngine.ExecuteStep(IContextManager contextManager, StepInstance stepInstance)
2024-10-31 15:37:26,223 INFO  Login.StepDefinitions.CheckboxStepDefinitions - Running After Step...
2024-10-31 15:37:26,225 INFO  Login.StepDefinitions.CheckboxStepDefinitions - When I deselect the checkbox with "Home"
2024-10-31 15:37:26,225 ERROR Login.StepDefinitions.CheckboxStepDefinitions - Error 
OpenQA.Selenium.WebDriverException: The HTTP request to the remote WebDriver server for URL http://localhost:50525/session/0bfe87b6c23d0235d7c4099a85760c15/element timed out after 60 seconds. ---> System.Threading.Tasks.TaskCanceledException: A task was canceled.
   at System.Runtime.CompilerServices.TaskAwaiter.ThrowForNonSuccess(Task task)
   at System.Runtime.CompilerServices.TaskAwaiter.HandleNonSuccessAndDebuggerNotification(Task task)
   at OpenQA.Selenium.Remote.HttpCommandExecutor.<MakeHttpRequest>d__37.MoveNext()
--- End of stack trace from previous location where exception was thrown ---
   at System.Runtime.ExceptionServices.ExceptionDispatchInfo.Throw()
   at System.Runtime.CompilerServices.TaskAwaiter.ThrowForNonSuccess(Task task)
   at System.Runtime.CompilerServices.TaskAwaiter.HandleNonSuccessAndDebuggerNotification(Task task)
   at OpenQA.Selenium.Remote.HttpCommandExecutor.<ExecuteAsync>d__34.MoveNext()
   --- End of inner exception stack trace ---
   at OpenQA.Selenium.Remote.HttpCommandExecutor.<ExecuteAsync>d__34.MoveNext()
--- End of stack trace from previous location where exception was thrown ---
   at System.Runtime.ExceptionServices.ExceptionDispatchInfo.Throw()
   at System.Runtime.CompilerServices.TaskAwaiter.HandleNonSuccessAndDebuggerNotification(Task task)
   at OpenQA.Selenium.Remote.DriverServiceCommandExecutor.<ExecuteAsync>d__10.MoveNext()
--- End of stack trace from previous location where exception was thrown ---
   at System.Runtime.ExceptionServices.ExceptionDispatchInfo.Throw()
   at System.Runtime.CompilerServices.TaskAwaiter.HandleNonSuccessAndDebuggerNotification(Task task)
   at OpenQA.Selenium.WebDriver.<ExecuteAsync>d__63.MoveNext()
--- End of stack trace from previous location where exception was thrown ---
   at System.Runtime.ExceptionServices.ExceptionDispatchInfo.Throw()
   at System.Runtime.CompilerServices.TaskAwaiter.HandleNonSuccessAndDebuggerNotification(Task task)
   at OpenQA.Selenium.WebDriver.Execute(String driverCommandToExecute, Dictionary`2 parameters)
   at OpenQA.Selenium.WebDriver.FindElement(String mechanism, String value)
   at FrameWorkLayer.Elements.ElementClass.<>c__DisplayClass2_0.<GetElement>b__0(IWebDriver driver) in C:\Users\kuncham_manikanta\Documents\Training\Testing\SpecFlow\Login\Specflow\FrameWorkLayer\Elements\ElementClass.cs:line 24
   at OpenQA.Selenium.Support.UI.DefaultWait`1.Until[TResult](Func`2 condition, CancellationToken token)
   at OpenQA.Selenium.Support.UI.DefaultWait`1.Until[TResult](Func`2 condition)
   at FrameWorkLayer.Elements.ElementClass.GetElement(By Locator) in C:\Users\kuncham_manikanta\Documents\Training\Testing\SpecFlow\Login\Specflow\FrameWorkLayer\Elements\ElementClass.cs:line 24
   at PageObject.DemoQA.ElementPage.Uncheck(By Locator) in C:\Users\kuncham_manikanta\Documents\Training\Testing\SpecFlow\Login\Specflow\PageObject\DemoQA\ElementPage.Action.cs:line 29
   at Login.StepDefinitions.CheckboxStepDefinitions.WhenIDeselectTheCheckboxWith(String home) in C:\Users\kuncham_manikanta\Documents\Training\Testing\SpecFlow\Login\Specflow\Login\StepDefinitions\CheckboxStepDefinitions.cs:line 60
   at TechTalk.SpecFlow.Bindings.BindingInvoker.InvokeBinding(IBinding binding, IContextManager contextManager, Object[] arguments, ITestTracer testTracer, TimeSpan& duration)
   at TechTalk.SpecFlow.Infrastructure.TestExecutionEngine.ExecuteStepMatch(BindingMatch match, Object[] arguments, TimeSpan& duration)
   at TechTalk.SpecFlow.Infrastructure.TestExecutionEngine.ExecuteStep(IContextManager contextManager, StepInstance stepInstance)
2024-10-31 15:37:26,238 INFO  Login.StepDefinitions.CheckboxStepDefinitions - Running After Scenario ...
2024-10-31 15:37:26,240 INFO  Login.StepDefinitions.CheckboxStepDefinitions - Running After Scenario ...
2024-10-31 15:37:26,240 INFO  Login.StepDefinitions.CheckboxStepDefinitions - Running After Scenario ...
2024-10-31 15:37:26,444 INFO  TestLayer.Hooks.Hooks - Running Before Scenario for...verify data source login
2024-10-31 15:37:26,454 INFO  TestLayer.Hooks.Hooks - Running Before Scenario for...Selecting a checkbox
2024-10-31 15:37:26,461 INFO  TestLayer.Hooks.Hooks - Running Before Scenario for...Selecting a radio button option
2024-10-31 15:37:30,930 INFO  Login.StepDefinitions.CheckboxStepDefinitions - Laun the Rdaio button Page for :- Gender
2024-10-31 15:37:31,796 INFO  Login.StepDefinitions.CheckboxStepDefinitions - Running After Step...
2024-10-31 15:37:31,796 INFO  Login.StepDefinitions.CheckboxStepDefinitions - Given I am on the "Gender" page
2024-10-31 15:37:31,894 INFO  Login.StepDefinitions.CheckboxStepDefinitions - Running After Step...
2024-10-31 15:37:31,894 INFO  Login.StepDefinitions.CheckboxStepDefinitions - Given I am in login page
2024-10-31 15:37:32,840 INFO  Login.StepDefinitions.CheckboxStepDefinitions - Running After Step...
2024-10-31 15:37:32,840 INFO  Login.StepDefinitions.CheckboxStepDefinitions - When I select the "female" radio button
2024-10-31 15:37:32,841 INFO  Login.StepDefinitions.CheckboxStepDefinitions - Checking The state of female
2024-10-31 15:37:32,842 INFO  Login.StepDefinitions.CheckboxStepDefinitions - State of Element is True
2024-10-31 15:37:32,842 INFO  Login.StepDefinitions.CheckboxStepDefinitions - Running After Step...
2024-10-31 15:37:32,842 INFO  Login.StepDefinitions.CheckboxStepDefinitions - Then the "female" radio button should be selected
2024-10-31 15:37:32,842 INFO  Login.StepDefinitions.CheckboxStepDefinitions - Running After Scenario ...
2024-10-31 15:37:47,634 INFO  Login.StepDefinitions.CheckboxStepDefinitions - Running After Step...
2024-10-31 15:37:47,634 INFO  Login.StepDefinitions.CheckboxStepDefinitions - Given I am on the checkbox test page
2024-10-31 15:37:48,098 INFO  Login.StepDefinitions.CheckboxStepDefinitions - Running After Step...
2024-10-31 15:37:48,098 INFO  Login.StepDefinitions.CheckboxStepDefinitions - When I select the checkbox  "Home"
2024-10-31 15:37:48,101 INFO  Login.StepDefinitions.CheckboxStepDefinitions - Checking The state of Home
2024-10-31 15:37:48,101 INFO  Login.StepDefinitions.CheckboxStepDefinitions - State of Element is True
2024-10-31 15:37:48,101 INFO  Login.StepDefinitions.CheckboxStepDefinitions - Running After Step...
2024-10-31 15:37:48,101 INFO  Login.StepDefinitions.CheckboxStepDefinitions - Then the checkbox with "Home" should be selected
2024-10-31 15:37:48,103 INFO  Login.StepDefinitions.CheckboxStepDefinitions - Running After Scenario ...
2024-10-31 15:37:48,106 INFO  TestLayer.Hooks.Hooks - Running Before Scenario for...Verify checkbox is not selected
2024-10-31 15:38:01,404 INFO  Login.StepDefinitions.CheckboxStepDefinitions - Running After Step...
2024-10-31 15:38:01,404 INFO  Login.StepDefinitions.CheckboxStepDefinitions - Given I am on the checkbox test page
2024-10-31 15:38:01,404 INFO  Login.StepDefinitions.CheckboxStepDefinitions - State of Element is False
2024-10-31 15:38:01,404 INFO  Login.StepDefinitions.CheckboxStepDefinitions - Running After Step...
2024-10-31 15:38:01,404 INFO  Login.StepDefinitions.CheckboxStepDefinitions - When I check the state of the checkbox
2024-10-31 15:38:01,405 INFO  Login.StepDefinitions.CheckboxStepDefinitions - Checking The state of Home
2024-10-31 15:38:01,405 INFO  Login.StepDefinitions.CheckboxStepDefinitions - State of Element is True
2024-10-31 15:38:01,405 INFO  Login.StepDefinitions.CheckboxStepDefinitions - Running After Step...
2024-10-31 15:38:01,405 INFO  Login.StepDefinitions.CheckboxStepDefinitions - Then the checkbox with "Home" should not be selected
2024-10-31 15:38:01,405 INFO  Login.StepDefinitions.CheckboxStepDefinitions - Running After Scenario ...
2024-10-31 15:38:01,599 INFO  TestLayer.Hooks.Hooks - Running Before Scenario for...Verify checkbox is selected
2024-10-31 15:38:02,046 INFO  TestLayer.Hooks.Hooks - Running After Step...
2024-10-31 15:38:02,046 INFO  TestLayer.Hooks.Hooks - When I enter username and password from data source csv as "problem_user" and "secret_sauce"
2024-10-31 15:38:02,046 ERROR TestLayer.Hooks.Hooks - Error 
OpenQA.Selenium.WebDriverTimeoutException: Timed out after 30 seconds ---> OpenQA.Selenium.NoSuchElementException: no such element: Unable to locate element: {"method":"css selector","selector":"#user\-name"}
  (Session info: chrome=130.0.6723.70); For documentation on this error, please visit: https://www.selenium.dev/documentation/webdriver/troubleshooting/errors#no-such-element-exception
   at OpenQA.Selenium.WebDriver.UnpackAndThrowOnError(Response errorResponse, String commandToExecute)
   at OpenQA.Selenium.WebDriver.<ExecuteAsync>d__63.MoveNext()
--- End of stack trace from previous location where exception was thrown ---
   at System.Runtime.ExceptionServices.ExceptionDispatchInfo.Throw()
   at System.Runtime.CompilerServices.TaskAwaiter.HandleNonSuccessAndDebuggerNotification(Task task)
   at OpenQA.Selenium.WebDriver.Execute(String driverCommandToExecute, Dictionary`2 parameters)
   at OpenQA.Selenium.WebDriver.FindElement(String mechanism, String value)
   at FrameWorkLayer.Elements.ElementClass.<>c__DisplayClass2_0.<GetElement>b__0(IWebDriver driver) in C:\Users\kuncham_manikanta\Documents\Training\Testing\SpecFlow\Login\Specflow\FrameWorkLayer\Elements\ElementClass.cs:line 24
   at OpenQA.Selenium.Support.UI.DefaultWait`1.Until[TResult](Func`2 condition, CancellationToken token)
   --- End of inner exception stack trace ---
   at OpenQA.Selenium.Support.UI.DefaultWait`1.ThrowTimeoutException(String exceptionMessage, Exception lastException)
   at OpenQA.Selenium.Support.UI.DefaultWait`1.Until[TResult](Func`2 condition, CancellationToken token)
   at OpenQA.Selenium.Support.UI.DefaultWait`1.Until[TResult](Func`2 condition)
   at FrameWorkLayer.Elements.ElementClass.GetElement(By Locator) in C:\Users\kuncham_manikanta\Documents\Training\Testing\SpecFlow\Login\Specflow\FrameWorkLayer\Elements\ElementClass.cs:line 24
   at FrameWorkLayer.Elements.ElementClass.ClearAndSendKeys(By Locatar, String value) in C:\Users\kuncham_manikanta\Documents\Training\Testing\SpecFlow\Login\Specflow\FrameWorkLayer\Elements\ElementClass.cs:line 28
   at PageObject.SauceDemo.LoginModel.LoginPage.EnterUserName(String Username) in C:\Users\kuncham_manikanta\Documents\Training\Testing\SpecFlow\Login\Specflow\PageObject\SauceDemo\LoginModel\LoginPage.Actions.cs:line 26
   at Login.StepDefinitions.LoginStepDefinitions.WhenIEnterUsernameAndPasswordFromDataSourceCsvAsAnd(String username, String password) in C:\Users\kuncham_manikanta\Documents\Training\Testing\SpecFlow\Login\Specflow\Login\StepDefinitions\LoginStepDefinitions.cs:line 52
   at TechTalk.SpecFlow.Bindings.BindingInvoker.InvokeBinding(IBinding binding, IContextManager contextManager, Object[] arguments, ITestTracer testTracer, TimeSpan& duration)
   at TechTalk.SpecFlow.Infrastructure.TestExecutionEngine.ExecuteStepMatch(BindingMatch match, Object[] arguments, TimeSpan& duration)
   at TechTalk.SpecFlow.Infrastructure.TestExecutionEngine.ExecuteStep(IContextManager contextManager, StepInstance stepInstance)
2024-10-31 15:38:02,048 INFO  TestLayer.Hooks.Hooks - Running After Scenario ...
2024-10-31 15:38:02,050 INFO  TestLayer.Hooks.Hooks - Running Before Scenario for...verify data source login
2024-10-31 15:38:06,293 INFO  Login.StepDefinitions.CheckboxStepDefinitions - Running After Step...
2024-10-31 15:38:06,293 INFO  Login.StepDefinitions.CheckboxStepDefinitions - Given I am in login page
2024-10-31 15:38:07,096 INFO  Login.StepDefinitions.CheckboxStepDefinitions - Running After Step...
2024-10-31 15:38:07,096 INFO  Login.StepDefinitions.CheckboxStepDefinitions - When I enter username and password from data source csv as "visual_user" and "secret_sauce"
2024-10-31 15:38:07,423 INFO  Login.StepDefinitions.CheckboxStepDefinitions - Running After Step...
2024-10-31 15:38:07,423 INFO  Login.StepDefinitions.CheckboxStepDefinitions - When I Clicked login button
2024-10-31 15:38:07,577 INFO  Login.StepDefinitions.CheckboxStepDefinitions - Running After Step...
2024-10-31 15:38:07,577 INFO  Login.StepDefinitions.CheckboxStepDefinitions - Then logged in successfully
2024-10-31 15:38:07,578 INFO  Login.StepDefinitions.CheckboxStepDefinitions - Running After Scenario ...
2024-10-31 15:38:08,106 INFO  TestLayer.Hooks.Hooks - Running Before Scenario for...verify Login Successfully
2024-10-31 15:38:12,134 INFO  TestLayer.Hooks.Hooks - Running After Step...
2024-10-31 15:38:12,134 INFO  TestLayer.Hooks.Hooks - Given I am in login page
2024-10-31 15:38:12,399 INFO  TestLayer.Hooks.Hooks - Running After Step...
2024-10-31 15:38:12,399 INFO  TestLayer.Hooks.Hooks - When I entered username
2024-10-31 15:38:12,605 INFO  TestLayer.Hooks.Hooks - Running After Step...
2024-10-31 15:38:12,606 INFO  TestLayer.Hooks.Hooks - When I entered password
2024-10-31 15:38:12,742 INFO  TestLayer.Hooks.Hooks - Running After Step...
2024-10-31 15:38:12,742 INFO  TestLayer.Hooks.Hooks - When I Clicked login button
2024-10-31 15:38:12,783 INFO  TestLayer.Hooks.Hooks - Running After Step...
2024-10-31 15:38:12,783 INFO  TestLayer.Hooks.Hooks - Then logged in successfully
2024-10-31 15:38:12,784 INFO  TestLayer.Hooks.Hooks - Running After Scenario ...
2024-10-31 15:38:13,050 INFO  TestLayer.Hooks.Hooks - Running Before Scenario for...verify wrong Login with paramter
2024-10-31 15:38:14,781 INFO  TestLayer.Hooks.Hooks - Running After Step...
2024-10-31 15:38:14,781 INFO  TestLayer.Hooks.Hooks - Given I am on the checkbox test page
2024-10-31 15:38:15,247 INFO  TestLayer.Hooks.Hooks - Running After Step...
2024-10-31 15:38:15,247 INFO  TestLayer.Hooks.Hooks - When I select the checkbox  "Home"
2024-10-31 15:38:15,247 INFO  TestLayer.Hooks.Hooks - State of Element is True
2024-10-31 15:38:15,247 INFO  TestLayer.Hooks.Hooks - Running After Step...
2024-10-31 15:38:15,247 INFO  TestLayer.Hooks.Hooks - When I check the state of the checkbox
2024-10-31 15:38:15,247 INFO  TestLayer.Hooks.Hooks - Checking The state of Home
2024-10-31 15:38:15,248 INFO  TestLayer.Hooks.Hooks - State of Element is True
2024-10-31 15:38:15,248 INFO  TestLayer.Hooks.Hooks - Running After Step...
2024-10-31 15:38:15,248 INFO  TestLayer.Hooks.Hooks - Then the checkbox with "Home" should be selected
2024-10-31 15:38:15,248 INFO  TestLayer.Hooks.Hooks - Running After Scenario ...
2024-10-31 15:38:16,851 INFO  TestLayer.Hooks.Hooks - Running After Step...
2024-10-31 15:38:16,851 INFO  TestLayer.Hooks.Hooks - Given I am in login page
2024-10-31 15:38:17,101 INFO  TestLayer.Hooks.Hooks - Running After Step...
2024-10-31 15:38:17,101 INFO  TestLayer.Hooks.Hooks - When I entered username as "another_user"
2024-10-31 15:38:17,316 INFO  TestLayer.Hooks.Hooks - Running After Step...
2024-10-31 15:38:17,316 INFO  TestLayer.Hooks.Hooks - When I entered password as "another_pass"
2024-10-31 15:38:17,413 INFO  TestLayer.Hooks.Hooks - Running After Step...
2024-10-31 15:38:17,413 INFO  TestLayer.Hooks.Hooks - When I Clicked login button
2024-10-31 15:38:17,431 INFO  TestLayer.Hooks.Hooks - Running After Step...
2024-10-31 15:38:17,431 INFO  TestLayer.Hooks.Hooks - Then logged  unsuccessfully
2024-10-31 15:38:17,431 INFO  TestLayer.Hooks.Hooks - Running After Scenario ...
2024-10-31 15:39:34,207 INFO  TestLayer.Hooks.Hooks - Running Before Scenario for...Deselecting a checkbox
2024-10-31 15:39:46,166 INFO  Login.StepDefinitions.CheckboxStepDefinitions - Running After Step...
2024-10-31 15:39:46,166 INFO  Login.StepDefinitions.CheckboxStepDefinitions - Given I am on the checkbox test page
2024-10-31 15:39:46,209 INFO  Login.StepDefinitions.CheckboxStepDefinitions - Running After Step...
2024-10-31 15:39:46,209 INFO  Login.StepDefinitions.CheckboxStepDefinitions - When I deselect the checkbox with "Home"
2024-10-31 15:39:46,210 INFO  Login.StepDefinitions.CheckboxStepDefinitions - Checking The state of Home
2024-10-31 15:39:46,210 INFO  Login.StepDefinitions.CheckboxStepDefinitions - State of Element is True
2024-10-31 15:39:46,210 INFO  Login.StepDefinitions.CheckboxStepDefinitions - Running After Step...
2024-10-31 15:39:46,211 INFO  Login.StepDefinitions.CheckboxStepDefinitions - Then the checkbox with "Home" should not be selected
2024-10-31 15:39:46,212 INFO  Login.StepDefinitions.CheckboxStepDefinitions - Running After Scenario ...
2024-10-31 15:39:58,696 INFO  TestLayer.Hooks.Hooks - Running Before Scenario for...Selecting a radio button option
2024-10-31 15:40:01,129 INFO  Login.StepDefinitions.CheckboxStepDefinitions - Laun the Rdaio button Page for :- Gender
2024-10-31 15:40:01,875 INFO  Login.StepDefinitions.CheckboxStepDefinitions - Running After Step...
2024-10-31 15:40:01,875 INFO  Login.StepDefinitions.CheckboxStepDefinitions - Given I am on the "Gender" page
2024-10-31 15:40:02,388 INFO  Login.StepDefinitions.CheckboxStepDefinitions - Running After Step...
2024-10-31 15:40:02,388 INFO  Login.StepDefinitions.CheckboxStepDefinitions - When I select the "male" radio button
2024-10-31 15:40:02,389 INFO  Login.StepDefinitions.CheckboxStepDefinitions - Checking The state of male
2024-10-31 15:40:02,390 INFO  Login.StepDefinitions.CheckboxStepDefinitions - State of Element is True
2024-10-31 15:40:02,390 INFO  Login.StepDefinitions.CheckboxStepDefinitions - Running After Step...
2024-10-31 15:40:02,390 INFO  Login.StepDefinitions.CheckboxStepDefinitions - Then the "male" radio button should be selected
2024-10-31 15:40:02,394 INFO  Login.StepDefinitions.CheckboxStepDefinitions - Running After Scenario ...
2024-10-31 15:40:02,659 INFO  TestLayer.Hooks.Hooks - Running Before Scenario for...Selecting a radio button option
2024-10-31 15:40:04,790 INFO  Login.StepDefinitions.CheckboxStepDefinitions - Laun the Rdaio button Page for :- Gender
2024-10-31 15:40:05,405 INFO  Login.StepDefinitions.CheckboxStepDefinitions - Running After Step...
2024-10-31 15:40:05,405 INFO  Login.StepDefinitions.CheckboxStepDefinitions - Given I am on the "Gender" page
2024-10-31 15:40:05,797 INFO  Login.StepDefinitions.CheckboxStepDefinitions - Running After Step...
2024-10-31 15:40:05,797 INFO  Login.StepDefinitions.CheckboxStepDefinitions - When I select the "female" radio button
2024-10-31 15:40:05,797 INFO  Login.StepDefinitions.CheckboxStepDefinitions - Checking The state of female
2024-10-31 15:40:05,797 INFO  Login.StepDefinitions.CheckboxStepDefinitions - State of Element is True
2024-10-31 15:40:05,797 INFO  Login.StepDefinitions.CheckboxStepDefinitions - Running After Step...
2024-10-31 15:40:05,798 INFO  Login.StepDefinitions.CheckboxStepDefinitions - Then the "female" radio button should be selected
2024-10-31 15:40:05,798 INFO  Login.StepDefinitions.CheckboxStepDefinitions - Running After Scenario ...
2024-10-31 15:40:19,070 INFO  TestLayer.Hooks.Hooks - Running Before Scenario for...verify data source login
2024-10-31 15:40:19,070 INFO  TestLayer.Hooks.Hooks - Running Before Scenario for...Verify dropdown in product page
2024-10-31 15:40:23,402 INFO  TestLayer.Hooks.Hooks - Running After Step...
2024-10-31 15:40:23,402 INFO  TestLayer.Hooks.Hooks - Given I am in login page
2024-10-31 15:40:23,985 INFO  TestLayer.Hooks.Hooks - Running After Step...
2024-10-31 15:40:23,985 INFO  TestLayer.Hooks.Hooks - When I enter username and password from data source csv as "standard_user" and "secret_sauce"
2024-10-31 15:40:24,079 INFO  TestLayer.Hooks.Hooks - Running After Step...
2024-10-31 15:40:24,079 INFO  TestLayer.Hooks.Hooks - Given I need to Logged in and see the Product page
2024-10-31 15:40:24,130 INFO  TestLayer.Hooks.Hooks - Running After Step...
2024-10-31 15:40:24,130 INFO  TestLayer.Hooks.Hooks - When I Clicked login button
2024-10-31 15:40:24,379 INFO  TestLayer.Hooks.Hooks - Running After Step...
2024-10-31 15:40:24,379 INFO  TestLayer.Hooks.Hooks - Then logged in successfully
2024-10-31 15:40:24,379 ERROR TestLayer.Hooks.Hooks - Error 
NUnit.Framework.AssertionException
   at NUnit.Framework.Assert.ReportFailure(String message)
   at NUnit.Framework.Assert.Fail()
   at FrameWorkLayer.Elements.ElementClass.AssertElementVisibility(By locator, Boolean shouldBeVisible) in C:\Users\kuncham_manikanta\Documents\Training\Testing\SpecFlow\Login\Specflow\FrameWorkLayer\Elements\ElementClass.cs:line 47
   at PageObject.SauceDemo.LoginModel.LoginPage.AssertLogin(Boolean shouldBeSuccessful) in C:\Users\kuncham_manikanta\Documents\Training\Testing\SpecFlow\Login\Specflow\PageObject\SauceDemo\LoginModel\LoginPage.Actions.cs:line 42
   at Login.StepDefinitions.LoginStepDefinitions.ThenLoggedInSuccessfully() in C:\Users\kuncham_manikanta\Documents\Training\Testing\SpecFlow\Login\Specflow\Login\StepDefinitions\LoginStepDefinitions.cs:line 83
   at TechTalk.SpecFlow.Bindings.BindingInvoker.InvokeBinding(IBinding binding, IContextManager contextManager, Object[] arguments, ITestTracer testTracer, TimeSpan& duration)
   at TechTalk.SpecFlow.Infrastructure.TestExecutionEngine.ExecuteStepMatch(BindingMatch match, Object[] arguments, TimeSpan& duration)
   at TechTalk.SpecFlow.Infrastructure.TestExecutionEngine.ExecuteStep(IContextManager contextManager, StepInstance stepInstance)
2024-10-31 15:40:24,554 INFO  TestLayer.Hooks.Hooks - Running After Scenario ...
2024-10-31 15:40:24,689 INFO  TestLayer.Hooks.Hooks - Running After Step...
2024-10-31 15:40:24,689 INFO  TestLayer.Hooks.Hooks - When I select the option "Name (A to Z)" from the dropdown
2024-10-31 15:40:24,689 ERROR TestLayer.Hooks.Hooks - Error 
System.ObjectDisposedException: Cannot access a disposed object.
Object name: 'System.Net.Http.HttpClient'.
   at System.Net.Http.HttpClient.CheckDisposed()
   at System.Net.Http.HttpClient.SendAsync(HttpRequestMessage request, HttpCompletionOption completionOption, CancellationToken cancellationToken)
   at OpenQA.Selenium.Remote.HttpCommandExecutor.<MakeHttpRequest>d__37.MoveNext()
--- End of stack trace from previous location where exception was thrown ---
   at System.Runtime.ExceptionServices.ExceptionDispatchInfo.Throw()
   at System.Runtime.CompilerServices.TaskAwaiter.HandleNonSuccessAndDebuggerNotification(Task task)
   at OpenQA.Selenium.Remote.HttpCommandExecutor.<ExecuteAsync>d__34.MoveNext()
--- End of stack trace from previous location where exception was thrown ---
   at System.Runtime.ExceptionServices.ExceptionDispatchInfo.Throw()
   at System.Runtime.CompilerServices.TaskAwaiter.HandleNonSuccessAndDebuggerNotification(Task task)
   at OpenQA.Selenium.Remote.DriverServiceCommandExecutor.<ExecuteAsync>d__10.MoveNext()
--- End of stack trace from previous location where exception was thrown ---
   at System.Runtime.ExceptionServices.ExceptionDispatchInfo.Throw()
   at System.Runtime.CompilerServices.TaskAwaiter.HandleNonSuccessAndDebuggerNotification(Task task)
   at OpenQA.Selenium.WebDriver.<ExecuteAsync>d__63.MoveNext()
--- End of stack trace from previous location where exception was thrown ---
   at System.Runtime.ExceptionServices.ExceptionDispatchInfo.Throw()
   at System.Runtime.CompilerServices.TaskAwaiter.HandleNonSuccessAndDebuggerNotification(Task task)
   at OpenQA.Selenium.WebDriver.Execute(String driverCommandToExecute, Dictionary`2 parameters)
   at OpenQA.Selenium.WebDriver.FindElement(String mechanism, String value)
   at FrameWorkLayer.Elements.ElementClass.<>c__DisplayClass2_0.<GetElement>b__0(IWebDriver driver) in C:\Users\kuncham_manikanta\Documents\Training\Testing\SpecFlow\Login\Specflow\FrameWorkLayer\Elements\ElementClass.cs:line 24
   at OpenQA.Selenium.Support.UI.DefaultWait`1.Until[TResult](Func`2 condition, CancellationToken token)
   at OpenQA.Selenium.Support.UI.DefaultWait`1.Until[TResult](Func`2 condition)
   at FrameWorkLayer.Elements.ElementClass.GetElement(By Locator) in C:\Users\kuncham_manikanta\Documents\Training\Testing\SpecFlow\Login\Specflow\FrameWorkLayer\Elements\ElementClass.cs:line 24
   at PageObject.SauceDemo.ProductModel.ProductPage.SelectElementClass() in C:\Users\kuncham_manikanta\Documents\Training\Testing\SpecFlow\Login\Specflow\PageObject\SauceDemo\ProductModel\ProductPage.Action.cs:line 25
   at Login.StepDefinitions.ProductStepDefnition.WhenISelectTheOptionFromTheDropdown(String text) in C:\Users\kuncham_manikanta\Documents\Training\Testing\SpecFlow\Login\Specflow\Login\StepDefinitions\ProductStepDefnition.cs:line 29
   at TechTalk.SpecFlow.Bindings.BindingInvoker.InvokeBinding(IBinding binding, IContextManager contextManager, Object[] arguments, ITestTracer testTracer, TimeSpan& duration)
   at TechTalk.SpecFlow.Infrastructure.TestExecutionEngine.ExecuteStepMatch(BindingMatch match, Object[] arguments, TimeSpan& duration)
   at TechTalk.SpecFlow.Infrastructure.TestExecutionEngine.ExecuteStep(IContextManager contextManager, StepInstance stepInstance)
2024-10-31 15:40:24,702 INFO  TestLayer.Hooks.Hooks - Running After Scenario ...
2024-10-31 15:40:24,815 INFO  TestLayer.Hooks.Hooks - Running Before Scenario for...verify data source login
2024-10-31 15:40:27,621 INFO  TestLayer.Hooks.Hooks - Running After Step...
2024-10-31 15:40:27,622 INFO  TestLayer.Hooks.Hooks - Given I am in login page
2024-10-31 15:40:28,102 INFO  TestLayer.Hooks.Hooks - Running After Step...
2024-10-31 15:40:28,102 INFO  TestLayer.Hooks.Hooks - When I enter username and password from data source csv as "problem_user" and "secret_sauce"
2024-10-31 15:40:28,242 INFO  TestLayer.Hooks.Hooks - Running After Step...
2024-10-31 15:40:28,242 INFO  TestLayer.Hooks.Hooks - When I Clicked login button
2024-10-31 15:40:28,331 INFO  TestLayer.Hooks.Hooks - Running After Step...
2024-10-31 15:40:28,339 INFO  TestLayer.Hooks.Hooks - Then logged in successfully
2024-10-31 15:40:28,340 INFO  TestLayer.Hooks.Hooks - Running After Scenario ...
2024-10-31 15:40:28,634 INFO  TestLayer.Hooks.Hooks - Running Before Scenario for...verify data source login
2024-10-31 15:40:31,749 INFO  TestLayer.Hooks.Hooks - Running After Step...
2024-10-31 15:40:31,749 INFO  TestLayer.Hooks.Hooks - Given I am in login page
2024-10-31 15:40:32,149 INFO  TestLayer.Hooks.Hooks - Running After Step...
2024-10-31 15:40:32,150 INFO  TestLayer.Hooks.Hooks - When I enter username and password from data source csv as "visual_user" and "secret_sauce"
2024-10-31 15:40:32,324 INFO  TestLayer.Hooks.Hooks - Running After Step...
2024-10-31 15:40:32,324 INFO  TestLayer.Hooks.Hooks - When I Clicked login button
2024-10-31 15:40:32,379 INFO  TestLayer.Hooks.Hooks - Running After Step...
2024-10-31 15:40:32,379 INFO  TestLayer.Hooks.Hooks - Then logged in successfully
2024-10-31 15:40:32,379 INFO  TestLayer.Hooks.Hooks - Running After Scenario ...
2024-10-31 15:40:32,701 INFO  TestLayer.Hooks.Hooks - Running Before Scenario for...verify Login Successfully
2024-10-31 15:40:36,065 INFO  TestLayer.Hooks.Hooks - Running After Step...
2024-10-31 15:40:36,065 INFO  TestLayer.Hooks.Hooks - Given I am in login page
2024-10-31 15:40:36,330 INFO  TestLayer.Hooks.Hooks - Running After Step...
2024-10-31 15:40:36,330 INFO  TestLayer.Hooks.Hooks - When I entered username
2024-10-31 15:40:36,548 INFO  TestLayer.Hooks.Hooks - Running After Step...
2024-10-31 15:40:36,548 INFO  TestLayer.Hooks.Hooks - When I entered password
2024-10-31 15:40:36,703 INFO  TestLayer.Hooks.Hooks - Running After Step...
2024-10-31 15:40:36,703 INFO  TestLayer.Hooks.Hooks - When I Clicked login button
2024-10-31 15:40:36,756 INFO  TestLayer.Hooks.Hooks - Running After Step...
2024-10-31 15:40:36,757 INFO  TestLayer.Hooks.Hooks - Then logged in successfully
2024-10-31 15:40:36,757 INFO  TestLayer.Hooks.Hooks - Running After Scenario ...
2024-10-31 15:40:37,141 INFO  TestLayer.Hooks.Hooks - Running Before Scenario for...verify wrong Login with paramter
2024-10-31 15:40:41,392 INFO  TestLayer.Hooks.Hooks - Running After Step...
2024-10-31 15:40:41,393 INFO  TestLayer.Hooks.Hooks - Given I am in login page
2024-10-31 15:40:41,719 INFO  TestLayer.Hooks.Hooks - Running After Step...
2024-10-31 15:40:41,719 INFO  TestLayer.Hooks.Hooks - When I entered username as "another_user"
2024-10-31 15:40:41,992 INFO  TestLayer.Hooks.Hooks - Running After Step...
2024-10-31 15:40:41,992 INFO  TestLayer.Hooks.Hooks - When I entered password as "another_pass"
2024-10-31 15:40:42,114 INFO  TestLayer.Hooks.Hooks - Running After Step...
2024-10-31 15:40:42,114 INFO  TestLayer.Hooks.Hooks - When I Clicked login button
2024-10-31 15:40:42,140 INFO  TestLayer.Hooks.Hooks - Running After Step...
2024-10-31 15:40:42,140 INFO  TestLayer.Hooks.Hooks - Then logged  unsuccessfully
2024-10-31 15:40:42,140 INFO  TestLayer.Hooks.Hooks - Running After Scenario ...
2024-11-04 13:57:45,429 INFO  TestLayer.Hooks.Hooks - Running Before Scenario for...Deselecting a checkbox
2024-11-04 13:57:58,178 INFO  Login.StepDefinitions.CheckboxStepDefinitions - Running After Step...
2024-11-04 13:57:58,178 INFO  Login.StepDefinitions.CheckboxStepDefinitions - Given I am on the checkbox test page
2024-11-04 13:57:58,223 INFO  Login.StepDefinitions.CheckboxStepDefinitions - Running After Step...
2024-11-04 13:57:58,223 INFO  Login.StepDefinitions.CheckboxStepDefinitions - When I deselect the checkbox with "Home"
2024-11-04 13:57:58,224 INFO  Login.StepDefinitions.CheckboxStepDefinitions - Checking The state of Home
2024-11-04 13:57:58,225 INFO  Login.StepDefinitions.CheckboxStepDefinitions - State of Element is True
2024-11-04 13:57:58,225 INFO  Login.StepDefinitions.CheckboxStepDefinitions - Running After Step...
2024-11-04 13:57:58,225 INFO  Login.StepDefinitions.CheckboxStepDefinitions - Then the checkbox with "Home" should not be selected
2024-11-04 13:57:58,227 INFO  Login.StepDefinitions.CheckboxStepDefinitions - Running After Scenario ...
2024-11-04 13:57:58,390 INFO  TestLayer.Hooks.Hooks - Running Before Scenario for...Selecting a checkbox
2024-11-04 13:58:10,198 INFO  Login.StepDefinitions.CheckboxStepDefinitions - Running After Step...
2024-11-04 13:58:10,198 INFO  Login.StepDefinitions.CheckboxStepDefinitions - Given I am on the checkbox test page
2024-11-04 13:58:10,613 INFO  Login.StepDefinitions.CheckboxStepDefinitions - Running After Step...
2024-11-04 13:58:10,613 INFO  Login.StepDefinitions.CheckboxStepDefinitions - When I select the checkbox  "Home"
2024-11-04 13:58:10,614 INFO  Login.StepDefinitions.CheckboxStepDefinitions - Checking The state of Home
2024-11-04 13:58:10,614 INFO  Login.StepDefinitions.CheckboxStepDefinitions - State of Element is True
2024-11-04 13:58:10,614 INFO  Login.StepDefinitions.CheckboxStepDefinitions - Running After Step...
2024-11-04 13:58:10,614 INFO  Login.StepDefinitions.CheckboxStepDefinitions - Then the checkbox with "Home" should be selected
2024-11-04 13:58:10,614 INFO  Login.StepDefinitions.CheckboxStepDefinitions - Running After Scenario ...
2024-11-04 13:58:10,804 INFO  TestLayer.Hooks.Hooks - Running Before Scenario for...Verify checkbox is not selected
2024-11-04 13:58:40,463 INFO  Login.StepDefinitions.CheckboxStepDefinitions - Running After Step...
2024-11-04 13:58:40,464 INFO  Login.StepDefinitions.CheckboxStepDefinitions - Given I am on the checkbox test page
2024-11-04 13:58:40,464 INFO  Login.StepDefinitions.CheckboxStepDefinitions - State of Element is False
2024-11-04 13:58:40,464 INFO  Login.StepDefinitions.CheckboxStepDefinitions - Running After Step...
2024-11-04 13:58:40,464 INFO  Login.StepDefinitions.CheckboxStepDefinitions - When I check the state of the checkbox
2024-11-04 13:58:40,465 INFO  Login.StepDefinitions.CheckboxStepDefinitions - Checking The state of Home
2024-11-04 13:58:40,465 INFO  Login.StepDefinitions.CheckboxStepDefinitions - State of Element is True
2024-11-04 13:58:40,465 INFO  Login.StepDefinitions.CheckboxStepDefinitions - Running After Step...
2024-11-04 13:58:40,465 INFO  Login.StepDefinitions.CheckboxStepDefinitions - Then the checkbox with "Home" should not be selected
2024-11-04 13:58:40,465 INFO  Login.StepDefinitions.CheckboxStepDefinitions - Running After Scenario ...
2024-11-04 13:58:40,662 INFO  TestLayer.Hooks.Hooks - Running Before Scenario for...Verify checkbox is selected
2024-11-04 13:58:53,506 INFO  Login.StepDefinitions.CheckboxStepDefinitions - Running After Step...
2024-11-04 13:58:53,507 INFO  Login.StepDefinitions.CheckboxStepDefinitions - Given I am on the checkbox test page
2024-11-04 13:58:53,901 INFO  Login.StepDefinitions.CheckboxStepDefinitions - Running After Step...
2024-11-04 13:58:53,901 INFO  Login.StepDefinitions.CheckboxStepDefinitions - When I select the checkbox  "Home"
2024-11-04 13:58:53,902 INFO  Login.StepDefinitions.CheckboxStepDefinitions - State of Element is True
2024-11-04 13:58:53,902 INFO  Login.StepDefinitions.CheckboxStepDefinitions - Running After Step...
2024-11-04 13:58:53,902 INFO  Login.StepDefinitions.CheckboxStepDefinitions - When I check the state of the checkbox
2024-11-04 13:58:53,902 INFO  Login.StepDefinitions.CheckboxStepDefinitions - Checking The state of Home
2024-11-04 13:58:53,902 INFO  Login.StepDefinitions.CheckboxStepDefinitions - State of Element is True
2024-11-04 13:58:53,902 INFO  Login.StepDefinitions.CheckboxStepDefinitions - Running After Step...
2024-11-04 13:58:53,902 INFO  Login.StepDefinitions.CheckboxStepDefinitions - Then the checkbox with "Home" should be selected
2024-11-04 13:58:53,902 INFO  Login.StepDefinitions.CheckboxStepDefinitions - Running After Scenario ...
2024-11-04 13:58:54,112 INFO  TestLayer.Hooks.Hooks - Running Before Scenario for...Selecting a radio button option
2024-11-04 13:58:55,922 INFO  Login.StepDefinitions.CheckboxStepDefinitions - Laun the Rdaio button Page for :- Gender
2024-11-04 13:58:59,695 INFO  Login.StepDefinitions.CheckboxStepDefinitions - Running After Step...
2024-11-04 13:58:59,695 INFO  Login.StepDefinitions.CheckboxStepDefinitions - Given I am on the "Gender" page
2024-11-04 13:59:00,159 INFO  Login.StepDefinitions.CheckboxStepDefinitions - Running After Step...
2024-11-04 13:59:00,166 INFO  Login.StepDefinitions.CheckboxStepDefinitions - When I select the "male" radio button
2024-11-04 13:59:00,167 INFO  Login.StepDefinitions.CheckboxStepDefinitions - Checking The state of male
2024-11-04 13:59:00,167 INFO  Login.StepDefinitions.CheckboxStepDefinitions - State of Element is True
2024-11-04 13:59:00,167 INFO  Login.StepDefinitions.CheckboxStepDefinitions - Running After Step...
2024-11-04 13:59:00,167 INFO  Login.StepDefinitions.CheckboxStepDefinitions - Then the "male" radio button should be selected
2024-11-04 13:59:00,167 INFO  Login.StepDefinitions.CheckboxStepDefinitions - Running After Scenario ...
2024-11-04 13:59:00,324 INFO  TestLayer.Hooks.Hooks - Running Before Scenario for...Selecting a radio button option
2024-11-04 13:59:02,165 INFO  Login.StepDefinitions.CheckboxStepDefinitions - Laun the Rdaio button Page for :- Gender
2024-11-04 13:59:04,524 INFO  Login.StepDefinitions.CheckboxStepDefinitions - Running After Step...
2024-11-04 13:59:04,524 INFO  Login.StepDefinitions.CheckboxStepDefinitions - Given I am on the "Gender" page
2024-11-04 13:59:04,907 INFO  Login.StepDefinitions.CheckboxStepDefinitions - Running After Step...
2024-11-04 13:59:04,907 INFO  Login.StepDefinitions.CheckboxStepDefinitions - When I select the "female" radio button
2024-11-04 13:59:04,907 INFO  Login.StepDefinitions.CheckboxStepDefinitions - Checking The state of female
2024-11-04 13:59:04,907 INFO  Login.StepDefinitions.CheckboxStepDefinitions - State of Element is True
2024-11-04 13:59:04,907 INFO  Login.StepDefinitions.CheckboxStepDefinitions - Running After Step...
2024-11-04 13:59:04,907 INFO  Login.StepDefinitions.CheckboxStepDefinitions - Then the "female" radio button should be selected
2024-11-04 13:59:04,907 INFO  Login.StepDefinitions.CheckboxStepDefinitions - Running After Scenario ...
2024-11-04 13:59:05,063 INFO  TestLayer.Hooks.Hooks - Running Before Scenario for...verify data source login
2024-11-04 13:59:08,461 INFO  TestLayer.Hooks.Hooks - Running After Step...
2024-11-04 13:59:08,461 INFO  TestLayer.Hooks.Hooks - Given I am in login page
2024-11-04 13:59:08,775 INFO  TestLayer.Hooks.Hooks - Running After Step...
2024-11-04 13:59:08,775 INFO  TestLayer.Hooks.Hooks - When I enter username and password from data source csv as "standard_user" and "secret_sauce"
2024-11-04 13:59:08,871 INFO  TestLayer.Hooks.Hooks - Running After Step...
2024-11-04 13:59:08,871 INFO  TestLayer.Hooks.Hooks - When I Clicked login button
2024-11-04 13:59:08,925 INFO  TestLayer.Hooks.Hooks - Running After Step...
2024-11-04 13:59:08,925 INFO  TestLayer.Hooks.Hooks - Then logged in successfully
2024-11-04 13:59:08,926 INFO  TestLayer.Hooks.Hooks - Running After Scenario ...
2024-11-04 13:59:09,078 INFO  TestLayer.Hooks.Hooks - Running Before Scenario for...verify data source login
2024-11-04 13:59:12,314 INFO  TestLayer.Hooks.Hooks - Running After Step...
2024-11-04 13:59:12,314 INFO  TestLayer.Hooks.Hooks - Given I am in login page
2024-11-04 13:59:12,627 INFO  TestLayer.Hooks.Hooks - Running After Step...
2024-11-04 13:59:12,627 INFO  TestLayer.Hooks.Hooks - When I enter username and password from data source csv as "problem_user" and "secret_sauce"
2024-11-04 13:59:12,715 INFO  TestLayer.Hooks.Hooks - Running After Step...
2024-11-04 13:59:12,715 INFO  TestLayer.Hooks.Hooks - When I Clicked login button
2024-11-04 13:59:12,741 INFO  TestLayer.Hooks.Hooks - Running After Step...
2024-11-04 13:59:12,741 INFO  TestLayer.Hooks.Hooks - Then logged in successfully
2024-11-04 13:59:12,741 INFO  TestLayer.Hooks.Hooks - Running After Scenario ...
2024-11-04 13:59:12,883 INFO  TestLayer.Hooks.Hooks - Running Before Scenario for...verify data source login
2024-11-04 13:59:16,286 INFO  TestLayer.Hooks.Hooks - Running After Step...
2024-11-04 13:59:16,286 INFO  TestLayer.Hooks.Hooks - Given I am in login page
2024-11-04 13:59:16,640 INFO  TestLayer.Hooks.Hooks - Running After Step...
2024-11-04 13:59:16,640 INFO  TestLayer.Hooks.Hooks - When I enter username and password from data source csv as "visual_user" and "secret_sauce"
2024-11-04 13:59:16,771 INFO  TestLayer.Hooks.Hooks - Running After Step...
2024-11-04 13:59:16,771 INFO  TestLayer.Hooks.Hooks - When I Clicked login button
2024-11-04 13:59:16,806 INFO  TestLayer.Hooks.Hooks - Running After Step...
2024-11-04 13:59:16,806 INFO  TestLayer.Hooks.Hooks - Then logged in successfully
2024-11-04 13:59:16,806 INFO  TestLayer.Hooks.Hooks - Running After Scenario ...
2024-11-04 13:59:17,051 INFO  TestLayer.Hooks.Hooks - Running Before Scenario for...verify Login Successfully
2024-11-04 13:59:21,532 INFO  TestLayer.Hooks.Hooks - Running After Step...
2024-11-04 13:59:21,532 INFO  TestLayer.Hooks.Hooks - Given I am in login page
2024-11-04 13:59:21,721 INFO  TestLayer.Hooks.Hooks - Running After Step...
2024-11-04 13:59:21,721 INFO  TestLayer.Hooks.Hooks - When I entered username
2024-11-04 13:59:21,890 INFO  TestLayer.Hooks.Hooks - Running After Step...
2024-11-04 13:59:21,890 INFO  TestLayer.Hooks.Hooks - When I entered password
2024-11-04 13:59:22,020 INFO  TestLayer.Hooks.Hooks - Running After Step...
2024-11-04 13:59:22,020 INFO  TestLayer.Hooks.Hooks - When I Clicked login button
2024-11-04 13:59:22,063 INFO  TestLayer.Hooks.Hooks - Running After Step...
2024-11-04 13:59:22,063 INFO  TestLayer.Hooks.Hooks - Then logged in successfully
2024-11-04 13:59:22,064 INFO  TestLayer.Hooks.Hooks - Running After Scenario ...
2024-11-04 13:59:22,275 INFO  TestLayer.Hooks.Hooks - Running Before Scenario for...verify wrong Login with paramter
2024-11-04 13:59:25,847 INFO  TestLayer.Hooks.Hooks - Running After Step...
2024-11-04 13:59:25,847 INFO  TestLayer.Hooks.Hooks - Given I am in login page
2024-11-04 13:59:26,049 INFO  TestLayer.Hooks.Hooks - Running After Step...
2024-11-04 13:59:26,049 INFO  TestLayer.Hooks.Hooks - When I entered username as "another_user"
2024-11-04 13:59:26,225 INFO  TestLayer.Hooks.Hooks - Running After Step...
2024-11-04 13:59:26,225 INFO  TestLayer.Hooks.Hooks - When I entered password as "another_pass"
2024-11-04 13:59:26,300 INFO  TestLayer.Hooks.Hooks - Running After Step...
2024-11-04 13:59:26,300 INFO  TestLayer.Hooks.Hooks - When I Clicked login button
2024-11-04 13:59:26,330 INFO  TestLayer.Hooks.Hooks - Running After Step...
2024-11-04 13:59:26,330 INFO  TestLayer.Hooks.Hooks - Then logged  unsuccessfully
2024-11-04 13:59:26,330 INFO  TestLayer.Hooks.Hooks - Running After Scenario ...
2024-11-04 13:59:26,508 INFO  TestLayer.Hooks.Hooks - Running Before Scenario for...Verify dropdown in product page
2024-11-04 13:59:30,435 INFO  TestLayer.Hooks.Hooks - Running After Step...
2024-11-04 13:59:30,435 INFO  TestLayer.Hooks.Hooks - Given I need to Logged in and see the Product page
2024-11-04 13:59:30,506 INFO  TestLayer.Hooks.Hooks - Running After Step...
2024-11-04 13:59:30,506 INFO  TestLayer.Hooks.Hooks - When I select the option "Name (A to Z)" from the dropdown
2024-11-04 13:59:30,545 INFO  TestLayer.Hooks.Hooks - Running After Step...
2024-11-04 13:59:30,545 INFO  TestLayer.Hooks.Hooks - Then The option "Name (A to Z)" should be selected
2024-11-04 13:59:30,545 INFO  TestLayer.Hooks.Hooks - Running After Scenario ...
